27-Mar-2020 19:48:39.712 정보 [main] org.apache.catalina.startup.VersionLoggerListener.log 서버 버전 이름:        Apache Tomcat/9.0.20
27-Mar-2020 19:48:39.940 정보 [main] org.apache.catalina.startup.VersionLoggerListener.log Server 빌드 시각:          May 3 2019 22:26:00 UTC
27-Mar-2020 19:48:39.947 정보 [main] org.apache.catalina.startup.VersionLoggerListener.log Server 버전 번호:         9.0.20.0
27-Mar-2020 19:48:39.948 정보 [main] org.apache.catalina.startup.VersionLoggerListener.log 운영체제 이름:               Windows 10
27-Mar-2020 19:48:39.949 정보 [main] org.apache.catalina.startup.VersionLoggerListener.log 운영체제 버전:            10.0
27-Mar-2020 19:48:39.950 정보 [main] org.apache.catalina.startup.VersionLoggerListener.log 아키텍처:          amd64
27-Mar-2020 19:48:39.950 정보 [main] org.apache.catalina.startup.VersionLoggerListener.log 자바 홈:             C:\java-msa\jdk1.8.0_111\jre
27-Mar-2020 19:48:39.951 정보 [main] org.apache.catalina.startup.VersionLoggerListener.log JVM 버전:           1.8.0_111-b14
27-Mar-2020 19:48:39.951 정보 [main] org.apache.catalina.startup.VersionLoggerListener.log JVM 벤더:            Oracle Corporation
27-Mar-2020 19:48:39.952 정보 [main] org.apache.catalina.startup.VersionLoggerListener.log CATALINA_BASE:         C:\java-msa\apache-tomcat-9.0.20
27-Mar-2020 19:48:39.952 정보 [main] org.apache.catalina.startup.VersionLoggerListener.log CATALINA_HOME:         C:\java-msa\apache-tomcat-9.0.20
27-Mar-2020 19:48:39.962 정보 [main] org.apache.catalina.startup.VersionLoggerListener.log 명령 행 아규먼트: -Djava.util.logging.config.file=C:\java-msa\apache-tomcat-9.0.20\conf\logging.properties
27-Mar-2020 19:48:39.995 정보 [main] org.apache.catalina.startup.VersionLoggerListener.log 명령 행 아규먼트: -Djava.util.logging.manager=org.apache.juli.ClassLoaderLogManager
27-Mar-2020 19:48:39.996 정보 [main] org.apache.catalina.startup.VersionLoggerListener.log 명령 행 아규먼트: -Djdk.tls.ephemeralDHKeySize=2048
27-Mar-2020 19:48:40.000 정보 [main] org.apache.catalina.startup.VersionLoggerListener.log 명령 행 아규먼트: -Djava.protocol.handler.pkgs=org.apache.catalina.webresources
27-Mar-2020 19:48:40.001 정보 [main] org.apache.catalina.startup.VersionLoggerListener.log 명령 행 아규먼트: -Dignore.endorsed.dirs=
27-Mar-2020 19:48:40.002 정보 [main] org.apache.catalina.startup.VersionLoggerListener.log 명령 행 아규먼트: -Dcatalina.base=C:\java-msa\apache-tomcat-9.0.20
27-Mar-2020 19:48:40.002 정보 [main] org.apache.catalina.startup.VersionLoggerListener.log 명령 행 아규먼트: -Dcatalina.home=C:\java-msa\apache-tomcat-9.0.20
27-Mar-2020 19:48:40.002 정보 [main] org.apache.catalina.startup.VersionLoggerListener.log 명령 행 아규먼트: -Djava.io.tmpdir=C:\java-msa\apache-tomcat-9.0.20\temp
27-Mar-2020 19:48:40.003 정보 [main] org.apache.catalina.core.AprLifecycleListener.lifecycleEvent APR 버전 [1.6.5]을(를) 사용한, APR 기반 Apache Tomcat Native 라이브러리 [1.2.21]을(를) 로드했습니다.
27-Mar-2020 19:48:40.003 정보 [main] org.apache.catalina.core.AprLifecycleListener.lifecycleEvent APR 용량정보들: IPv6 [true], sendfile [true], accept filters [false], random [true].
27-Mar-2020 19:48:40.004 정보 [main] org.apache.catalina.core.AprLifecycleListener.lifecycleEvent APR/OpenSSL 설정: useAprConnector [false], useOpenSSL [true]
27-Mar-2020 19:48:40.055 정보 [main] org.apache.catalina.core.AprLifecycleListener.initializeSSL OpenSSL이 성공적으로 초기화되었습니다: [OpenSSL 1.1.1a  20 Nov 2018]
27-Mar-2020 19:48:41.526 정보 [main] org.apache.coyote.AbstractProtocol.init 프로토콜 핸들러 ["http-nio-8080"]을(를) 초기화합니다.
27-Mar-2020 19:48:41.850 정보 [main] org.apache.coyote.AbstractProtocol.init 프로토콜 핸들러 ["https-openssl-nio-443"]을(를) 초기화합니다.
27-Mar-2020 19:48:41.995 정보 [main] org.apache.coyote.AbstractProtocol.init 프로토콜 핸들러 ["ajp-nio-8009"]을(를) 초기화합니다.
27-Mar-2020 19:48:42.001 정보 [main] org.apache.catalina.startup.Catalina.load [2,651] 밀리초 내에 서버가 초기화되었습니다.
27-Mar-2020 19:48:42.091 정보 [main] org.apache.catalina.core.StandardService.startInternal 서비스 [Catalina]을(를) 시작합니다.
27-Mar-2020 19:48:42.093 정보 [main] org.apache.catalina.core.StandardEngine.startInternal 서버 엔진을 시작합니다: [Apache Tomcat/9.0.20]
27-Mar-2020 19:48:42.118 정보 [main] org.apache.catalina.startup.HostConfig.deployDirectory 웹 애플리케이션 디렉토리 [C:\java-msa\apache-tomcat-9.0.20\webapps\docs]을(를) 배치합니다.
27-Mar-2020 19:48:42.647 정보 [main] org.apache.catalina.startup.HostConfig.deployDirectory 웹 애플리케이션 디렉토리 [C:\java-msa\apache-tomcat-9.0.20\webapps\docs]에 대한 배치가 [529] 밀리초에 완료되었습니다.
27-Mar-2020 19:48:42.650 정보 [main] org.apache.catalina.startup.HostConfig.deployDirectory 웹 애플리케이션 디렉토리 [C:\java-msa\apache-tomcat-9.0.20\webapps\examples]을(를) 배치합니다.
27-Mar-2020 19:48:43.802 정보 [main] org.apache.catalina.startup.HostConfig.deployDirectory 웹 애플리케이션 디렉토리 [C:\java-msa\apache-tomcat-9.0.20\webapps\examples]에 대한 배치가 [1,152] 밀리초에 완료되었습니다.
27-Mar-2020 19:48:43.803 정보 [main] org.apache.catalina.startup.HostConfig.deployDirectory 웹 애플리케이션 디렉토리 [C:\java-msa\apache-tomcat-9.0.20\webapps\host-manager]을(를) 배치합니다.
27-Mar-2020 19:48:43.902 정보 [main] org.apache.catalina.startup.HostConfig.deployDirectory 웹 애플리케이션 디렉토리 [C:\java-msa\apache-tomcat-9.0.20\webapps\host-manager]에 대한 배치가 [99] 밀리초에 완료되었습니다.
27-Mar-2020 19:48:43.911 정보 [main] org.apache.catalina.startup.HostConfig.deployDirectory 웹 애플리케이션 디렉토리 [C:\java-msa\apache-tomcat-9.0.20\webapps\manager]을(를) 배치합니다.
27-Mar-2020 19:48:43.992 정보 [main] org.apache.catalina.startup.HostConfig.deployDirectory 웹 애플리케이션 디렉토리 [C:\java-msa\apache-tomcat-9.0.20\webapps\manager]에 대한 배치가 [81] 밀리초에 완료되었습니다.
27-Mar-2020 19:48:43.993 정보 [main] org.apache.catalina.startup.HostConfig.deployDirectory 웹 애플리케이션 디렉토리 [C:\java-msa\apache-tomcat-9.0.20\webapps\ROOT]을(를) 배치합니다.
27-Mar-2020 19:48:44.084 정보 [main] org.apache.catalina.startup.HostConfig.deployDirectory 웹 애플리케이션 디렉토리 [C:\java-msa\apache-tomcat-9.0.20\webapps\ROOT]에 대한 배치가 [90] 밀리초에 완료되었습니다.
27-Mar-2020 19:48:44.090 정보 [main] org.apache.coyote.AbstractProtocol.start 프로토콜 핸들러 ["http-nio-8080"]을(를) 시작합니다.
27-Mar-2020 19:48:44.105 정보 [main] org.apache.coyote.AbstractProtocol.start 프로토콜 핸들러 ["https-openssl-nio-443"]을(를) 시작합니다.
27-Mar-2020 19:48:44.109 정보 [main] org.apache.coyote.AbstractProtocol.start 프로토콜 핸들러 ["ajp-nio-8009"]을(를) 시작합니다.
27-Mar-2020 19:48:44.114 정보 [main] org.apache.catalina.startup.Catalina.start 서버가 [2,111] 밀리초 내에 시작되었습니다.
27-Mar-2020 19:49:24.635 정보 [Catalina-utility-2] org.apache.catalina.startup.HostConfig.undeploy 컨텍스트 [/examples]의 배치를 제거합니다.
27-Mar-2020 19:49:25.195 정보 [Catalina-utility-2] org.apache.catalina.startup.HostConfig.undeploy 컨텍스트 [/host-manager]의 배치를 제거합니다.
27-Mar-2020 19:49:25.925 정보 [Catalina-utility-2] org.apache.catalina.startup.HostConfig.undeploy 컨텍스트 [/manager]의 배치를 제거합니다.
27-Mar-2020 19:49:26.449 정보 [Catalina-utility-2] org.apache.catalina.startup.HostConfig.undeploy 컨텍스트 [/docs]의 배치를 제거합니다.
27-Mar-2020 19:50:59.139 정보 [main] org.apache.catalina.startup.VersionLoggerListener.log 서버 버전 이름:        Apache Tomcat/9.0.20
27-Mar-2020 19:50:59.149 정보 [main] org.apache.catalina.startup.VersionLoggerListener.log Server 빌드 시각:          May 3 2019 22:26:00 UTC
27-Mar-2020 19:50:59.153 정보 [main] org.apache.catalina.startup.VersionLoggerListener.log Server 버전 번호:         9.0.20.0
27-Mar-2020 19:50:59.153 정보 [main] org.apache.catalina.startup.VersionLoggerListener.log 운영체제 이름:               Windows 10
27-Mar-2020 19:50:59.154 정보 [main] org.apache.catalina.startup.VersionLoggerListener.log 운영체제 버전:            10.0
27-Mar-2020 19:50:59.154 정보 [main] org.apache.catalina.startup.VersionLoggerListener.log 아키텍처:          amd64
27-Mar-2020 19:50:59.155 정보 [main] org.apache.catalina.startup.VersionLoggerListener.log 자바 홈:             C:\java-msa\jdk1.8.0_111\jre
27-Mar-2020 19:50:59.156 정보 [main] org.apache.catalina.startup.VersionLoggerListener.log JVM 버전:           1.8.0_111-b14
27-Mar-2020 19:50:59.156 정보 [main] org.apache.catalina.startup.VersionLoggerListener.log JVM 벤더:            Oracle Corporation
27-Mar-2020 19:50:59.157 정보 [main] org.apache.catalina.startup.VersionLoggerListener.log CATALINA_BASE:         C:\java-msa\apache-tomcat-9.0.20
27-Mar-2020 19:50:59.157 정보 [main] org.apache.catalina.startup.VersionLoggerListener.log CATALINA_HOME:         C:\java-msa\apache-tomcat-9.0.20
27-Mar-2020 19:50:59.158 정보 [main] org.apache.catalina.startup.VersionLoggerListener.log 명령 행 아규먼트: -Djava.util.logging.config.file=C:\java-msa\apache-tomcat-9.0.20\conf\logging.properties
27-Mar-2020 19:50:59.159 정보 [main] org.apache.catalina.startup.VersionLoggerListener.log 명령 행 아규먼트: -Djava.util.logging.manager=org.apache.juli.ClassLoaderLogManager
27-Mar-2020 19:50:59.159 정보 [main] org.apache.catalina.startup.VersionLoggerListener.log 명령 행 아규먼트: -Djdk.tls.ephemeralDHKeySize=2048
27-Mar-2020 19:50:59.164 정보 [main] org.apache.catalina.startup.VersionLoggerListener.log 명령 행 아규먼트: -Djava.protocol.handler.pkgs=org.apache.catalina.webresources
27-Mar-2020 19:50:59.204 정보 [main] org.apache.catalina.startup.VersionLoggerListener.log 명령 행 아규먼트: -Dignore.endorsed.dirs=
27-Mar-2020 19:50:59.204 정보 [main] org.apache.catalina.startup.VersionLoggerListener.log 명령 행 아규먼트: -Dcatalina.base=C:\java-msa\apache-tomcat-9.0.20
27-Mar-2020 19:50:59.205 정보 [main] org.apache.catalina.startup.VersionLoggerListener.log 명령 행 아규먼트: -Dcatalina.home=C:\java-msa\apache-tomcat-9.0.20
27-Mar-2020 19:50:59.205 정보 [main] org.apache.catalina.startup.VersionLoggerListener.log 명령 행 아규먼트: -Djava.io.tmpdir=C:\java-msa\apache-tomcat-9.0.20\temp
27-Mar-2020 19:50:59.206 정보 [main] org.apache.catalina.core.AprLifecycleListener.lifecycleEvent APR 버전 [1.6.5]을(를) 사용한, APR 기반 Apache Tomcat Native 라이브러리 [1.2.21]을(를) 로드했습니다.
27-Mar-2020 19:50:59.208 정보 [main] org.apache.catalina.core.AprLifecycleListener.lifecycleEvent APR 용량정보들: IPv6 [true], sendfile [true], accept filters [false], random [true].
27-Mar-2020 19:50:59.208 정보 [main] org.apache.catalina.core.AprLifecycleListener.lifecycleEvent APR/OpenSSL 설정: useAprConnector [false], useOpenSSL [true]
27-Mar-2020 19:50:59.217 정보 [main] org.apache.catalina.core.AprLifecycleListener.initializeSSL OpenSSL이 성공적으로 초기화되었습니다: [OpenSSL 1.1.1a  20 Nov 2018]
27-Mar-2020 19:50:59.669 정보 [main] org.apache.coyote.AbstractProtocol.init 프로토콜 핸들러 ["http-nio-8080"]을(를) 초기화합니다.
27-Mar-2020 19:50:59.878 정보 [main] org.apache.coyote.AbstractProtocol.init 프로토콜 핸들러 ["https-openssl-nio-443"]을(를) 초기화합니다.
27-Mar-2020 19:50:59.956 정보 [main] org.apache.coyote.AbstractProtocol.init 프로토콜 핸들러 ["ajp-nio-8009"]을(를) 초기화합니다.
27-Mar-2020 19:50:59.963 정보 [main] org.apache.catalina.startup.Catalina.load [1,138] 밀리초 내에 서버가 초기화되었습니다.
27-Mar-2020 19:50:59.996 정보 [main] org.apache.catalina.core.StandardService.startInternal 서비스 [Catalina]을(를) 시작합니다.
27-Mar-2020 19:50:59.996 정보 [main] org.apache.catalina.core.StandardEngine.startInternal 서버 엔진을 시작합니다: [Apache Tomcat/9.0.20]
27-Mar-2020 19:51:00.046 정보 [main] org.apache.catalina.startup.HostConfig.deployDirectory 웹 애플리케이션 디렉토리 [C:\java-msa\apache-tomcat-9.0.20\webapps\ROOT]을(를) 배치합니다.
27-Mar-2020 19:51:00.618 정보 [main] org.apache.catalina.startup.HostConfig.deployDirectory 웹 애플리케이션 디렉토리 [C:\java-msa\apache-tomcat-9.0.20\webapps\ROOT]에 대한 배치가 [572] 밀리초에 완료되었습니다.
27-Mar-2020 19:51:00.631 정보 [main] org.apache.coyote.AbstractProtocol.start 프로토콜 핸들러 ["http-nio-8080"]을(를) 시작합니다.
27-Mar-2020 19:51:00.647 정보 [main] org.apache.coyote.AbstractProtocol.start 프로토콜 핸들러 ["https-openssl-nio-443"]을(를) 시작합니다.
27-Mar-2020 19:51:00.650 정보 [main] org.apache.coyote.AbstractProtocol.start 프로토콜 핸들러 ["ajp-nio-8009"]을(를) 시작합니다.
27-Mar-2020 19:51:00.654 정보 [main] org.apache.catalina.startup.Catalina.start 서버가 [690] 밀리초 내에 시작되었습니다.
27-Mar-2020 19:51:36.884 정보 [Thread-6] org.apache.coyote.AbstractProtocol.pause 프로토콜 핸들러 ["http-nio-8080"]을(를) 일시 정지 중
27-Mar-2020 19:51:37.011 정보 [Thread-6] org.apache.coyote.AbstractProtocol.pause 프로토콜 핸들러 ["https-openssl-nio-443"]을(를) 일시 정지 중
27-Mar-2020 19:51:37.137 정보 [Thread-6] org.apache.coyote.AbstractProtocol.pause 프로토콜 핸들러 ["ajp-nio-8009"]을(를) 일시 정지 중
27-Mar-2020 19:51:37.259 정보 [Thread-6] org.apache.catalina.core.StandardService.stopInternal 서비스 [Catalina]을(를) 중지시킵니다.
27-Mar-2020 19:51:37.289 정보 [Thread-6] org.apache.coyote.AbstractProtocol.stop 프로토콜 핸들러 ["http-nio-8080"]을(를) 중지시킵니다.
27-Mar-2020 19:51:37.293 정보 [Thread-6] org.apache.coyote.AbstractProtocol.stop 프로토콜 핸들러 ["https-openssl-nio-443"]을(를) 중지시킵니다.
27-Mar-2020 19:51:37.301 정보 [Thread-6] org.apache.coyote.AbstractProtocol.stop 프로토콜 핸들러 ["ajp-nio-8009"]을(를) 중지시킵니다.
27-Mar-2020 19:51:37.307 정보 [Thread-6] org.apache.coyote.AbstractProtocol.destroy 프로토콜 핸들러 ["http-nio-8080"]을(를) 소멸시킵니다.
27-Mar-2020 19:51:37.316 정보 [Thread-6] org.apache.coyote.AbstractProtocol.destroy 프로토콜 핸들러 ["https-openssl-nio-443"]을(를) 소멸시킵니다.
27-Mar-2020 19:51:37.321 정보 [Thread-6] org.apache.coyote.AbstractProtocol.destroy 프로토콜 핸들러 ["ajp-nio-8009"]을(를) 소멸시킵니다.
27-Mar-2020 19:51:46.576 정보 [main] org.apache.catalina.startup.VersionLoggerListener.log 서버 버전 이름:        Apache Tomcat/9.0.20
27-Mar-2020 19:51:46.579 정보 [main] org.apache.catalina.startup.VersionLoggerListener.log Server 빌드 시각:          May 3 2019 22:26:00 UTC
27-Mar-2020 19:51:46.586 정보 [main] org.apache.catalina.startup.VersionLoggerListener.log Server 버전 번호:         9.0.20.0
27-Mar-2020 19:51:46.587 정보 [main] org.apache.catalina.startup.VersionLoggerListener.log 운영체제 이름:               Windows 10
27-Mar-2020 19:51:46.587 정보 [main] org.apache.catalina.startup.VersionLoggerListener.log 운영체제 버전:            10.0
27-Mar-2020 19:51:46.587 정보 [main] org.apache.catalina.startup.VersionLoggerListener.log 아키텍처:          amd64
27-Mar-2020 19:51:46.587 정보 [main] org.apache.catalina.startup.VersionLoggerListener.log 자바 홈:             C:\java-msa\jdk1.8.0_111\jre
27-Mar-2020 19:51:46.588 정보 [main] org.apache.catalina.startup.VersionLoggerListener.log JVM 버전:           1.8.0_111-b14
27-Mar-2020 19:51:46.588 정보 [main] org.apache.catalina.startup.VersionLoggerListener.log JVM 벤더:            Oracle Corporation
27-Mar-2020 19:51:46.588 정보 [main] org.apache.catalina.startup.VersionLoggerListener.log CATALINA_BASE:         C:\java-msa\apache-tomcat-9.0.20
27-Mar-2020 19:51:46.589 정보 [main] org.apache.catalina.startup.VersionLoggerListener.log CATALINA_HOME:         C:\java-msa\apache-tomcat-9.0.20
27-Mar-2020 19:51:46.591 정보 [main] org.apache.catalina.startup.VersionLoggerListener.log 명령 행 아규먼트: -Djava.util.logging.config.file=C:\java-msa\apache-tomcat-9.0.20\conf\logging.properties
27-Mar-2020 19:51:46.591 정보 [main] org.apache.catalina.startup.VersionLoggerListener.log 명령 행 아규먼트: -Djava.util.logging.manager=org.apache.juli.ClassLoaderLogManager
27-Mar-2020 19:51:46.591 정보 [main] org.apache.catalina.startup.VersionLoggerListener.log 명령 행 아규먼트: -Djdk.tls.ephemeralDHKeySize=2048
27-Mar-2020 19:51:46.601 정보 [main] org.apache.catalina.startup.VersionLoggerListener.log 명령 행 아규먼트: -Djava.protocol.handler.pkgs=org.apache.catalina.webresources
27-Mar-2020 19:51:46.638 정보 [main] org.apache.catalina.startup.VersionLoggerListener.log 명령 행 아규먼트: -Dignore.endorsed.dirs=
27-Mar-2020 19:51:46.639 정보 [main] org.apache.catalina.startup.VersionLoggerListener.log 명령 행 아규먼트: -Dcatalina.base=C:\java-msa\apache-tomcat-9.0.20
27-Mar-2020 19:51:46.639 정보 [main] org.apache.catalina.startup.VersionLoggerListener.log 명령 행 아규먼트: -Dcatalina.home=C:\java-msa\apache-tomcat-9.0.20
27-Mar-2020 19:51:46.639 정보 [main] org.apache.catalina.startup.VersionLoggerListener.log 명령 행 아규먼트: -Djava.io.tmpdir=C:\java-msa\apache-tomcat-9.0.20\temp
27-Mar-2020 19:51:46.640 정보 [main] org.apache.catalina.core.AprLifecycleListener.lifecycleEvent APR 버전 [1.6.5]을(를) 사용한, APR 기반 Apache Tomcat Native 라이브러리 [1.2.21]을(를) 로드했습니다.
27-Mar-2020 19:51:46.640 정보 [main] org.apache.catalina.core.AprLifecycleListener.lifecycleEvent APR 용량정보들: IPv6 [true], sendfile [true], accept filters [false], random [true].
27-Mar-2020 19:51:46.641 정보 [main] org.apache.catalina.core.AprLifecycleListener.lifecycleEvent APR/OpenSSL 설정: useAprConnector [false], useOpenSSL [true]
27-Mar-2020 19:51:46.649 정보 [main] org.apache.catalina.core.AprLifecycleListener.initializeSSL OpenSSL이 성공적으로 초기화되었습니다: [OpenSSL 1.1.1a  20 Nov 2018]
27-Mar-2020 19:51:47.121 정보 [main] org.apache.coyote.AbstractProtocol.init 프로토콜 핸들러 ["http-nio-80"]을(를) 초기화합니다.
27-Mar-2020 19:51:47.305 심각 [main] org.apache.catalina.util.LifecycleBase.handleSubClassException 구성요소 [Connector[HTTP/1.1-80]]을(를) 초기화하지 못했습니다.
	org.apache.catalina.LifecycleException: 프로토콜 핸들러 초기화가 실패했습니다.
		at org.apache.catalina.connector.Connector.initInternal(Connector.java:983)
		at org.apache.catalina.util.LifecycleBase.init(LifecycleBase.java:136)
		at org.apache.catalina.core.StandardService.initInternal(StandardService.java:533)
		at org.apache.catalina.util.LifecycleBase.init(LifecycleBase.java:136)
		at org.apache.catalina.core.StandardServer.initInternal(StandardServer.java:1059)
		at org.apache.catalina.util.LifecycleBase.init(LifecycleBase.java:136)
		at org.apache.catalina.startup.Catalina.load(Catalina.java:584)
		at org.apache.catalina.startup.Catalina.load(Catalina.java:607)
		at sun.reflect.NativeMethodAccessorImpl.invoke0(Native Method)
		at sun.reflect.NativeMethodAccessorImpl.invoke(NativeMethodAccessorImpl.java:62)
		at sun.reflect.DelegatingMethodAccessorImpl.invoke(DelegatingMethodAccessorImpl.java:43)
		at java.lang.reflect.Method.invoke(Method.java:498)
		at org.apache.catalina.startup.Bootstrap.load(Bootstrap.java:304)
		at org.apache.catalina.startup.Bootstrap.main(Bootstrap.java:474)
	Caused by: java.net.BindException: Address already in use: bind
		at sun.nio.ch.Net.bind0(Native Method)
		at sun.nio.ch.Net.bind(Net.java:433)
		at sun.nio.ch.Net.bind(Net.java:425)
		at sun.nio.ch.ServerSocketChannelImpl.bind(ServerSocketChannelImpl.java:223)
		at sun.nio.ch.ServerSocketAdaptor.bind(ServerSocketAdaptor.java:74)
		at org.apache.tomcat.util.net.NioEndpoint.initServerSocket(NioEndpoint.java:248)
		at org.apache.tomcat.util.net.NioEndpoint.bind(NioEndpoint.java:222)
		at org.apache.tomcat.util.net.AbstractEndpoint.bindWithCleanup(AbstractEndpoint.java:1119)
		at org.apache.tomcat.util.net.AbstractEndpoint.init(AbstractEndpoint.java:1132)
		at org.apache.coyote.AbstractProtocol.init(AbstractProtocol.java:557)
		at org.apache.coyote.http11.AbstractHttp11Protocol.init(AbstractHttp11Protocol.java:74)
		at org.apache.catalina.connector.Connector.initInternal(Connector.java:980)
		... 13 more
27-Mar-2020 19:51:47.311 정보 [main] org.apache.coyote.AbstractProtocol.init 프로토콜 핸들러 ["https-openssl-nio-443"]을(를) 초기화합니다.
27-Mar-2020 19:51:47.446 정보 [main] org.apache.coyote.AbstractProtocol.init 프로토콜 핸들러 ["ajp-nio-8009"]을(를) 초기화합니다.
27-Mar-2020 19:51:47.457 정보 [main] org.apache.catalina.startup.Catalina.load [1,220] 밀리초 내에 서버가 초기화되었습니다.
27-Mar-2020 19:51:47.499 정보 [main] org.apache.catalina.core.StandardService.startInternal 서비스 [Catalina]을(를) 시작합니다.
27-Mar-2020 19:51:47.499 정보 [main] org.apache.catalina.core.StandardEngine.startInternal 서버 엔진을 시작합니다: [Apache Tomcat/9.0.20]
27-Mar-2020 19:51:47.523 정보 [main] org.apache.catalina.startup.HostConfig.deployDirectory 웹 애플리케이션 디렉토리 [C:\java-msa\apache-tomcat-9.0.20\webapps\ROOT]을(를) 배치합니다.
27-Mar-2020 19:51:47.893 정보 [main] org.apache.catalina.startup.HostConfig.deployDirectory 웹 애플리케이션 디렉토리 [C:\java-msa\apache-tomcat-9.0.20\webapps\ROOT]에 대한 배치가 [370] 밀리초에 완료되었습니다.
27-Mar-2020 19:51:47.899 정보 [main] org.apache.coyote.AbstractProtocol.start 프로토콜 핸들러 ["https-openssl-nio-443"]을(를) 시작합니다.
27-Mar-2020 19:51:47.920 정보 [main] org.apache.coyote.AbstractProtocol.start 프로토콜 핸들러 ["ajp-nio-8009"]을(를) 시작합니다.
27-Mar-2020 19:51:47.924 정보 [main] org.apache.catalina.startup.Catalina.start 서버가 [464] 밀리초 내에 시작되었습니다.
27-Mar-2020 19:52:04.055 정보 [main] org.apache.catalina.startup.VersionLoggerListener.log 서버 버전 이름:        Apache Tomcat/9.0.20
27-Mar-2020 19:52:04.062 정보 [main] org.apache.catalina.startup.VersionLoggerListener.log Server 빌드 시각:          May 3 2019 22:26:00 UTC
27-Mar-2020 19:52:04.065 정보 [main] org.apache.catalina.startup.VersionLoggerListener.log Server 버전 번호:         9.0.20.0
27-Mar-2020 19:52:04.065 정보 [main] org.apache.catalina.startup.VersionLoggerListener.log 운영체제 이름:               Windows 10
27-Mar-2020 19:52:04.066 정보 [main] org.apache.catalina.startup.VersionLoggerListener.log 운영체제 버전:            10.0
27-Mar-2020 19:52:04.066 정보 [main] org.apache.catalina.startup.VersionLoggerListener.log 아키텍처:          amd64
27-Mar-2020 19:52:04.067 정보 [main] org.apache.catalina.startup.VersionLoggerListener.log 자바 홈:             C:\java-msa\jdk1.8.0_111\jre
27-Mar-2020 19:52:04.068 정보 [main] org.apache.catalina.startup.VersionLoggerListener.log JVM 버전:           1.8.0_111-b14
27-Mar-2020 19:52:04.068 정보 [main] org.apache.catalina.startup.VersionLoggerListener.log JVM 벤더:            Oracle Corporation
27-Mar-2020 19:52:04.068 정보 [main] org.apache.catalina.startup.VersionLoggerListener.log CATALINA_BASE:         C:\java-msa\apache-tomcat-9.0.20
27-Mar-2020 19:52:04.069 정보 [main] org.apache.catalina.startup.VersionLoggerListener.log CATALINA_HOME:         C:\java-msa\apache-tomcat-9.0.20
27-Mar-2020 19:52:04.070 정보 [main] org.apache.catalina.startup.VersionLoggerListener.log 명령 행 아규먼트: -Djava.util.logging.config.file=C:\java-msa\apache-tomcat-9.0.20\conf\logging.properties
27-Mar-2020 19:52:04.070 정보 [main] org.apache.catalina.startup.VersionLoggerListener.log 명령 행 아규먼트: -Djava.util.logging.manager=org.apache.juli.ClassLoaderLogManager
27-Mar-2020 19:52:04.071 정보 [main] org.apache.catalina.startup.VersionLoggerListener.log 명령 행 아규먼트: -Djdk.tls.ephemeralDHKeySize=2048
27-Mar-2020 19:52:04.071 정보 [main] org.apache.catalina.startup.VersionLoggerListener.log 명령 행 아규먼트: -Djava.protocol.handler.pkgs=org.apache.catalina.webresources
27-Mar-2020 19:52:04.072 정보 [main] org.apache.catalina.startup.VersionLoggerListener.log 명령 행 아규먼트: -Dignore.endorsed.dirs=
27-Mar-2020 19:52:04.072 정보 [main] org.apache.catalina.startup.VersionLoggerListener.log 명령 행 아규먼트: -Dcatalina.base=C:\java-msa\apache-tomcat-9.0.20
27-Mar-2020 19:52:04.122 정보 [main] org.apache.catalina.startup.VersionLoggerListener.log 명령 행 아규먼트: -Dcatalina.home=C:\java-msa\apache-tomcat-9.0.20
27-Mar-2020 19:52:04.125 정보 [main] org.apache.catalina.startup.VersionLoggerListener.log 명령 행 아규먼트: -Djava.io.tmpdir=C:\java-msa\apache-tomcat-9.0.20\temp
27-Mar-2020 19:52:04.126 정보 [main] org.apache.catalina.core.AprLifecycleListener.lifecycleEvent APR 버전 [1.6.5]을(를) 사용한, APR 기반 Apache Tomcat Native 라이브러리 [1.2.21]을(를) 로드했습니다.
27-Mar-2020 19:52:04.126 정보 [main] org.apache.catalina.core.AprLifecycleListener.lifecycleEvent APR 용량정보들: IPv6 [true], sendfile [true], accept filters [false], random [true].
27-Mar-2020 19:52:04.126 정보 [main] org.apache.catalina.core.AprLifecycleListener.lifecycleEvent APR/OpenSSL 설정: useAprConnector [false], useOpenSSL [true]
27-Mar-2020 19:52:04.133 정보 [main] org.apache.catalina.core.AprLifecycleListener.initializeSSL OpenSSL이 성공적으로 초기화되었습니다: [OpenSSL 1.1.1a  20 Nov 2018]
27-Mar-2020 19:52:04.631 정보 [main] org.apache.coyote.AbstractProtocol.init 프로토콜 핸들러 ["http-nio-8080"]을(를) 초기화합니다.
27-Mar-2020 19:52:04.829 정보 [main] org.apache.coyote.AbstractProtocol.init 프로토콜 핸들러 ["https-openssl-nio-443"]을(를) 초기화합니다.
27-Mar-2020 19:52:04.915 정보 [main] org.apache.coyote.AbstractProtocol.init 프로토콜 핸들러 ["ajp-nio-8009"]을(를) 초기화합니다.
27-Mar-2020 19:52:04.920 정보 [main] org.apache.catalina.startup.Catalina.load [1,202] 밀리초 내에 서버가 초기화되었습니다.
27-Mar-2020 19:52:04.967 정보 [main] org.apache.catalina.core.StandardService.startInternal 서비스 [Catalina]을(를) 시작합니다.
27-Mar-2020 19:52:04.967 정보 [main] org.apache.catalina.core.StandardEngine.startInternal 서버 엔진을 시작합니다: [Apache Tomcat/9.0.20]
27-Mar-2020 19:52:05.010 정보 [main] org.apache.catalina.startup.HostConfig.deployDirectory 웹 애플리케이션 디렉토리 [C:\java-msa\apache-tomcat-9.0.20\webapps\ROOT]을(를) 배치합니다.
27-Mar-2020 19:52:05.421 정보 [main] org.apache.catalina.startup.HostConfig.deployDirectory 웹 애플리케이션 디렉토리 [C:\java-msa\apache-tomcat-9.0.20\webapps\ROOT]에 대한 배치가 [411] 밀리초에 완료되었습니다.
27-Mar-2020 19:52:05.428 정보 [main] org.apache.coyote.AbstractProtocol.start 프로토콜 핸들러 ["http-nio-8080"]을(를) 시작합니다.
27-Mar-2020 19:52:05.450 정보 [main] org.apache.coyote.AbstractProtocol.start 프로토콜 핸들러 ["https-openssl-nio-443"]을(를) 시작합니다.
27-Mar-2020 19:52:05.456 정보 [main] org.apache.coyote.AbstractProtocol.start 프로토콜 핸들러 ["ajp-nio-8009"]을(를) 시작합니다.
27-Mar-2020 19:52:05.459 정보 [main] org.apache.catalina.startup.Catalina.start 서버가 [535] 밀리초 내에 시작되었습니다.
27-Mar-2020 19:53:01.237 정보 [main] org.apache.catalina.startup.VersionLoggerListener.log 서버 버전 이름:        Apache Tomcat/9.0.20
27-Mar-2020 19:53:01.244 정보 [main] org.apache.catalina.startup.VersionLoggerListener.log Server 빌드 시각:          May 3 2019 22:26:00 UTC
27-Mar-2020 19:53:01.247 정보 [main] org.apache.catalina.startup.VersionLoggerListener.log Server 버전 번호:         9.0.20.0
27-Mar-2020 19:53:01.247 정보 [main] org.apache.catalina.startup.VersionLoggerListener.log 운영체제 이름:               Windows 10
27-Mar-2020 19:53:01.248 정보 [main] org.apache.catalina.startup.VersionLoggerListener.log 운영체제 버전:            10.0
27-Mar-2020 19:53:01.248 정보 [main] org.apache.catalina.startup.VersionLoggerListener.log 아키텍처:          amd64
27-Mar-2020 19:53:01.249 정보 [main] org.apache.catalina.startup.VersionLoggerListener.log 자바 홈:             C:\java-msa\jdk1.8.0_111\jre
27-Mar-2020 19:53:01.249 정보 [main] org.apache.catalina.startup.VersionLoggerListener.log JVM 버전:           1.8.0_111-b14
27-Mar-2020 19:53:01.250 정보 [main] org.apache.catalina.startup.VersionLoggerListener.log JVM 벤더:            Oracle Corporation
27-Mar-2020 19:53:01.250 정보 [main] org.apache.catalina.startup.VersionLoggerListener.log CATALINA_BASE:         C:\java-msa\apache-tomcat-9.0.20
27-Mar-2020 19:53:01.251 정보 [main] org.apache.catalina.startup.VersionLoggerListener.log CATALINA_HOME:         C:\java-msa\apache-tomcat-9.0.20
27-Mar-2020 19:53:01.259 정보 [main] org.apache.catalina.startup.VersionLoggerListener.log 명령 행 아규먼트: -Djava.util.logging.config.file=C:\java-msa\apache-tomcat-9.0.20\conf\logging.properties
27-Mar-2020 19:53:01.294 정보 [main] org.apache.catalina.startup.VersionLoggerListener.log 명령 행 아규먼트: -Djava.util.logging.manager=org.apache.juli.ClassLoaderLogManager
27-Mar-2020 19:53:01.295 정보 [main] org.apache.catalina.startup.VersionLoggerListener.log 명령 행 아규먼트: -Djdk.tls.ephemeralDHKeySize=2048
27-Mar-2020 19:53:01.300 정보 [main] org.apache.catalina.startup.VersionLoggerListener.log 명령 행 아규먼트: -Djava.protocol.handler.pkgs=org.apache.catalina.webresources
27-Mar-2020 19:53:01.300 정보 [main] org.apache.catalina.startup.VersionLoggerListener.log 명령 행 아규먼트: -Dignore.endorsed.dirs=
27-Mar-2020 19:53:01.300 정보 [main] org.apache.catalina.startup.VersionLoggerListener.log 명령 행 아규먼트: -Dcatalina.base=C:\java-msa\apache-tomcat-9.0.20
27-Mar-2020 19:53:01.302 정보 [main] org.apache.catalina.startup.VersionLoggerListener.log 명령 행 아규먼트: -Dcatalina.home=C:\java-msa\apache-tomcat-9.0.20
27-Mar-2020 19:53:01.302 정보 [main] org.apache.catalina.startup.VersionLoggerListener.log 명령 행 아규먼트: -Djava.io.tmpdir=C:\java-msa\apache-tomcat-9.0.20\temp
27-Mar-2020 19:53:01.302 정보 [main] org.apache.catalina.core.AprLifecycleListener.lifecycleEvent APR 버전 [1.6.5]을(를) 사용한, APR 기반 Apache Tomcat Native 라이브러리 [1.2.21]을(를) 로드했습니다.
27-Mar-2020 19:53:01.303 정보 [main] org.apache.catalina.core.AprLifecycleListener.lifecycleEvent APR 용량정보들: IPv6 [true], sendfile [true], accept filters [false], random [true].
27-Mar-2020 19:53:01.335 정보 [main] org.apache.catalina.core.AprLifecycleListener.lifecycleEvent APR/OpenSSL 설정: useAprConnector [false], useOpenSSL [true]
27-Mar-2020 19:53:01.345 정보 [main] org.apache.catalina.core.AprLifecycleListener.initializeSSL OpenSSL이 성공적으로 초기화되었습니다: [OpenSSL 1.1.1a  20 Nov 2018]
27-Mar-2020 19:53:01.828 정보 [main] org.apache.coyote.AbstractProtocol.init 프로토콜 핸들러 ["http-nio-80"]을(를) 초기화합니다.
27-Mar-2020 19:53:02.004 심각 [main] org.apache.catalina.util.LifecycleBase.handleSubClassException 구성요소 [Connector[HTTP/1.1-80]]을(를) 초기화하지 못했습니다.
	org.apache.catalina.LifecycleException: 프로토콜 핸들러 초기화가 실패했습니다.
		at org.apache.catalina.connector.Connector.initInternal(Connector.java:983)
		at org.apache.catalina.util.LifecycleBase.init(LifecycleBase.java:136)
		at org.apache.catalina.core.StandardService.initInternal(StandardService.java:533)
		at org.apache.catalina.util.LifecycleBase.init(LifecycleBase.java:136)
		at org.apache.catalina.core.StandardServer.initInternal(StandardServer.java:1059)
		at org.apache.catalina.util.LifecycleBase.init(LifecycleBase.java:136)
		at org.apache.catalina.startup.Catalina.load(Catalina.java:584)
		at org.apache.catalina.startup.Catalina.load(Catalina.java:607)
		at sun.reflect.NativeMethodAccessorImpl.invoke0(Native Method)
		at sun.reflect.NativeMethodAccessorImpl.invoke(NativeMethodAccessorImpl.java:62)
		at sun.reflect.DelegatingMethodAccessorImpl.invoke(DelegatingMethodAccessorImpl.java:43)
		at java.lang.reflect.Method.invoke(Method.java:498)
		at org.apache.catalina.startup.Bootstrap.load(Bootstrap.java:304)
		at org.apache.catalina.startup.Bootstrap.main(Bootstrap.java:474)
	Caused by: java.net.BindException: Address already in use: bind
		at sun.nio.ch.Net.bind0(Native Method)
		at sun.nio.ch.Net.bind(Net.java:433)
		at sun.nio.ch.Net.bind(Net.java:425)
		at sun.nio.ch.ServerSocketChannelImpl.bind(ServerSocketChannelImpl.java:223)
		at sun.nio.ch.ServerSocketAdaptor.bind(ServerSocketAdaptor.java:74)
		at org.apache.tomcat.util.net.NioEndpoint.initServerSocket(NioEndpoint.java:248)
		at org.apache.tomcat.util.net.NioEndpoint.bind(NioEndpoint.java:222)
		at org.apache.tomcat.util.net.AbstractEndpoint.bindWithCleanup(AbstractEndpoint.java:1119)
		at org.apache.tomcat.util.net.AbstractEndpoint.init(AbstractEndpoint.java:1132)
		at org.apache.coyote.AbstractProtocol.init(AbstractProtocol.java:557)
		at org.apache.coyote.http11.AbstractHttp11Protocol.init(AbstractHttp11Protocol.java:74)
		at org.apache.catalina.connector.Connector.initInternal(Connector.java:980)
		... 13 more
27-Mar-2020 19:53:02.010 정보 [main] org.apache.coyote.AbstractProtocol.init 프로토콜 핸들러 ["https-openssl-nio-443"]을(를) 초기화합니다.
27-Mar-2020 19:53:02.119 정보 [main] org.apache.coyote.AbstractProtocol.init 프로토콜 핸들러 ["ajp-nio-8009"]을(를) 초기화합니다.
27-Mar-2020 19:53:02.126 정보 [main] org.apache.catalina.startup.Catalina.load [1,219] 밀리초 내에 서버가 초기화되었습니다.
27-Mar-2020 19:53:02.171 정보 [main] org.apache.catalina.core.StandardService.startInternal 서비스 [Catalina]을(를) 시작합니다.
27-Mar-2020 19:53:02.171 정보 [main] org.apache.catalina.core.StandardEngine.startInternal 서버 엔진을 시작합니다: [Apache Tomcat/9.0.20]
27-Mar-2020 19:53:02.199 정보 [main] org.apache.catalina.startup.HostConfig.deployDirectory 웹 애플리케이션 디렉토리 [C:\java-msa\apache-tomcat-9.0.20\webapps\ROOT]을(를) 배치합니다.
27-Mar-2020 19:53:02.586 정보 [main] org.apache.catalina.startup.HostConfig.deployDirectory 웹 애플리케이션 디렉토리 [C:\java-msa\apache-tomcat-9.0.20\webapps\ROOT]에 대한 배치가 [387] 밀리초에 완료되었습니다.
27-Mar-2020 19:53:02.595 정보 [main] org.apache.coyote.AbstractProtocol.start 프로토콜 핸들러 ["https-openssl-nio-443"]을(를) 시작합니다.
27-Mar-2020 19:53:02.609 정보 [main] org.apache.coyote.AbstractProtocol.start 프로토콜 핸들러 ["ajp-nio-8009"]을(를) 시작합니다.
27-Mar-2020 19:53:02.613 정보 [main] org.apache.catalina.startup.Catalina.start 서버가 [485] 밀리초 내에 시작되었습니다.
27-Mar-2020 19:53:24.501 정보 [main] org.apache.catalina.startup.VersionLoggerListener.log 서버 버전 이름:        Apache Tomcat/9.0.20
27-Mar-2020 19:53:24.506 정보 [main] org.apache.catalina.startup.VersionLoggerListener.log Server 빌드 시각:          May 3 2019 22:26:00 UTC
27-Mar-2020 19:53:24.511 정보 [main] org.apache.catalina.startup.VersionLoggerListener.log Server 버전 번호:         9.0.20.0
27-Mar-2020 19:53:24.512 정보 [main] org.apache.catalina.startup.VersionLoggerListener.log 운영체제 이름:               Windows 10
27-Mar-2020 19:53:24.512 정보 [main] org.apache.catalina.startup.VersionLoggerListener.log 운영체제 버전:            10.0
27-Mar-2020 19:53:24.513 정보 [main] org.apache.catalina.startup.VersionLoggerListener.log 아키텍처:          amd64
27-Mar-2020 19:53:24.513 정보 [main] org.apache.catalina.startup.VersionLoggerListener.log 자바 홈:             C:\java-msa\jdk1.8.0_111\jre
27-Mar-2020 19:53:24.514 정보 [main] org.apache.catalina.startup.VersionLoggerListener.log JVM 버전:           1.8.0_111-b14
27-Mar-2020 19:53:24.514 정보 [main] org.apache.catalina.startup.VersionLoggerListener.log JVM 벤더:            Oracle Corporation
27-Mar-2020 19:53:24.516 정보 [main] org.apache.catalina.startup.VersionLoggerListener.log CATALINA_BASE:         C:\java-msa\apache-tomcat-9.0.20
27-Mar-2020 19:53:24.516 정보 [main] org.apache.catalina.startup.VersionLoggerListener.log CATALINA_HOME:         C:\java-msa\apache-tomcat-9.0.20
27-Mar-2020 19:53:24.517 정보 [main] org.apache.catalina.startup.VersionLoggerListener.log 명령 행 아규먼트: -Djava.util.logging.config.file=C:\java-msa\apache-tomcat-9.0.20\conf\logging.properties
27-Mar-2020 19:53:24.518 정보 [main] org.apache.catalina.startup.VersionLoggerListener.log 명령 행 아규먼트: -Djava.util.logging.manager=org.apache.juli.ClassLoaderLogManager
27-Mar-2020 19:53:24.518 정보 [main] org.apache.catalina.startup.VersionLoggerListener.log 명령 행 아규먼트: -Djdk.tls.ephemeralDHKeySize=2048
27-Mar-2020 19:53:24.519 정보 [main] org.apache.catalina.startup.VersionLoggerListener.log 명령 행 아규먼트: -Djava.protocol.handler.pkgs=org.apache.catalina.webresources
27-Mar-2020 19:53:24.519 정보 [main] org.apache.catalina.startup.VersionLoggerListener.log 명령 행 아규먼트: -Dignore.endorsed.dirs=
27-Mar-2020 19:53:24.519 정보 [main] org.apache.catalina.startup.VersionLoggerListener.log 명령 행 아규먼트: -Dcatalina.base=C:\java-msa\apache-tomcat-9.0.20
27-Mar-2020 19:53:24.525 정보 [main] org.apache.catalina.startup.VersionLoggerListener.log 명령 행 아규먼트: -Dcatalina.home=C:\java-msa\apache-tomcat-9.0.20
27-Mar-2020 19:53:24.569 정보 [main] org.apache.catalina.startup.VersionLoggerListener.log 명령 행 아규먼트: -Djava.io.tmpdir=C:\java-msa\apache-tomcat-9.0.20\temp
27-Mar-2020 19:53:24.570 정보 [main] org.apache.catalina.core.AprLifecycleListener.lifecycleEvent APR 버전 [1.6.5]을(를) 사용한, APR 기반 Apache Tomcat Native 라이브러리 [1.2.21]을(를) 로드했습니다.
27-Mar-2020 19:53:24.570 정보 [main] org.apache.catalina.core.AprLifecycleListener.lifecycleEvent APR 용량정보들: IPv6 [true], sendfile [true], accept filters [false], random [true].
27-Mar-2020 19:53:24.570 정보 [main] org.apache.catalina.core.AprLifecycleListener.lifecycleEvent APR/OpenSSL 설정: useAprConnector [false], useOpenSSL [true]
27-Mar-2020 19:53:24.579 정보 [main] org.apache.catalina.core.AprLifecycleListener.initializeSSL OpenSSL이 성공적으로 초기화되었습니다: [OpenSSL 1.1.1a  20 Nov 2018]
27-Mar-2020 19:53:25.049 정보 [main] org.apache.coyote.AbstractProtocol.init 프로토콜 핸들러 ["http-nio-8080"]을(를) 초기화합니다.
27-Mar-2020 19:53:25.241 정보 [main] org.apache.coyote.AbstractProtocol.init 프로토콜 핸들러 ["https-openssl-nio-443"]을(를) 초기화합니다.
27-Mar-2020 19:53:25.331 정보 [main] org.apache.coyote.AbstractProtocol.init 프로토콜 핸들러 ["ajp-nio-8009"]을(를) 초기화합니다.
27-Mar-2020 19:53:25.338 정보 [main] org.apache.catalina.startup.Catalina.load [1,163] 밀리초 내에 서버가 초기화되었습니다.
27-Mar-2020 19:53:25.377 정보 [main] org.apache.catalina.core.StandardService.startInternal 서비스 [Catalina]을(를) 시작합니다.
27-Mar-2020 19:53:25.378 정보 [main] org.apache.catalina.core.StandardEngine.startInternal 서버 엔진을 시작합니다: [Apache Tomcat/9.0.20]
27-Mar-2020 19:53:25.401 정보 [main] org.apache.catalina.startup.HostConfig.deployDirectory 웹 애플리케이션 디렉토리 [C:\java-msa\apache-tomcat-9.0.20\webapps\ROOT]을(를) 배치합니다.
27-Mar-2020 19:53:25.792 정보 [main] org.apache.catalina.startup.HostConfig.deployDirectory 웹 애플리케이션 디렉토리 [C:\java-msa\apache-tomcat-9.0.20\webapps\ROOT]에 대한 배치가 [391] 밀리초에 완료되었습니다.
27-Mar-2020 19:53:25.801 정보 [main] org.apache.coyote.AbstractProtocol.start 프로토콜 핸들러 ["http-nio-8080"]을(를) 시작합니다.
27-Mar-2020 19:53:25.813 정보 [main] org.apache.coyote.AbstractProtocol.start 프로토콜 핸들러 ["https-openssl-nio-443"]을(를) 시작합니다.
27-Mar-2020 19:53:25.816 정보 [main] org.apache.coyote.AbstractProtocol.start 프로토콜 핸들러 ["ajp-nio-8009"]을(를) 시작합니다.
27-Mar-2020 19:53:25.820 정보 [main] org.apache.catalina.startup.Catalina.start 서버가 [481] 밀리초 내에 시작되었습니다.
