26-Mar-2020 15:55:27.201 정보 [main] org.apache.catalina.startup.VersionLoggerListener.log 서버 버전 이름:        Apache Tomcat/9.0.20
26-Mar-2020 15:55:27.214 정보 [main] org.apache.catalina.startup.VersionLoggerListener.log Server 빌드 시각:          May 3 2019 22:26:00 UTC
26-Mar-2020 15:55:27.214 정보 [main] org.apache.catalina.startup.VersionLoggerListener.log Server 버전 번호:         9.0.20.0
26-Mar-2020 15:55:27.214 정보 [main] org.apache.catalina.startup.VersionLoggerListener.log 운영체제 이름:               Windows 10
26-Mar-2020 15:55:27.214 정보 [main] org.apache.catalina.startup.VersionLoggerListener.log 운영체제 버전:            10.0
26-Mar-2020 15:55:27.214 정보 [main] org.apache.catalina.startup.VersionLoggerListener.log 아키텍처:          amd64
26-Mar-2020 15:55:27.229 정보 [main] org.apache.catalina.startup.VersionLoggerListener.log 자바 홈:             C:\java-msa\jdk1.8.0_111\jre
26-Mar-2020 15:55:27.229 정보 [main] org.apache.catalina.startup.VersionLoggerListener.log JVM 버전:           1.8.0_111-b14
26-Mar-2020 15:55:27.229 정보 [main] org.apache.catalina.startup.VersionLoggerListener.log JVM 벤더:            Oracle Corporation
26-Mar-2020 15:55:27.229 정보 [main] org.apache.catalina.startup.VersionLoggerListener.log CATALINA_BASE:         C:\java-msa\apache-tomcat-9.0.20
26-Mar-2020 15:55:27.229 정보 [main] org.apache.catalina.startup.VersionLoggerListener.log CATALINA_HOME:         C:\java-msa\apache-tomcat-9.0.20
26-Mar-2020 15:55:27.229 정보 [main] org.apache.catalina.startup.VersionLoggerListener.log 명령 행 아규먼트: -Djava.util.logging.config.file=C:\java-msa\apache-tomcat-9.0.20\conf\logging.properties
26-Mar-2020 15:55:27.229 정보 [main] org.apache.catalina.startup.VersionLoggerListener.log 명령 행 아규먼트: -Djava.util.logging.manager=org.apache.juli.ClassLoaderLogManager
26-Mar-2020 15:55:27.229 정보 [main] org.apache.catalina.startup.VersionLoggerListener.log 명령 행 아규먼트: -Djdk.tls.ephemeralDHKeySize=2048
26-Mar-2020 15:55:27.229 정보 [main] org.apache.catalina.startup.VersionLoggerListener.log 명령 행 아규먼트: -Djava.protocol.handler.pkgs=org.apache.catalina.webresources
26-Mar-2020 15:55:27.229 정보 [main] org.apache.catalina.startup.VersionLoggerListener.log 명령 행 아규먼트: -Dignore.endorsed.dirs=
26-Mar-2020 15:55:27.229 정보 [main] org.apache.catalina.startup.VersionLoggerListener.log 명령 행 아규먼트: -Dcatalina.base=C:\java-msa\apache-tomcat-9.0.20
26-Mar-2020 15:55:27.229 정보 [main] org.apache.catalina.startup.VersionLoggerListener.log 명령 행 아규먼트: -Dcatalina.home=C:\java-msa\apache-tomcat-9.0.20
26-Mar-2020 15:55:27.229 정보 [main] org.apache.catalina.startup.VersionLoggerListener.log 명령 행 아규먼트: -Djava.io.tmpdir=C:\java-msa\apache-tomcat-9.0.20\temp
26-Mar-2020 15:55:27.229 정보 [main] org.apache.catalina.core.AprLifecycleListener.lifecycleEvent APR 버전 [1.6.5]을(를) 사용한, APR 기반 Apache Tomcat Native 라이브러리 [1.2.21]을(를) 로드했습니다.
26-Mar-2020 15:55:27.229 정보 [main] org.apache.catalina.core.AprLifecycleListener.lifecycleEvent APR 용량정보들: IPv6 [true], sendfile [true], accept filters [false], random [true].
26-Mar-2020 15:55:27.229 정보 [main] org.apache.catalina.core.AprLifecycleListener.lifecycleEvent APR/OpenSSL 설정: useAprConnector [false], useOpenSSL [true]
26-Mar-2020 15:55:27.245 정보 [main] org.apache.catalina.core.AprLifecycleListener.initializeSSL OpenSSL이 성공적으로 초기화되었습니다: [OpenSSL 1.1.1a  20 Nov 2018]
26-Mar-2020 15:55:27.917 정보 [main] org.apache.coyote.AbstractProtocol.init 프로토콜 핸들러 ["http-nio-8080"]을(를) 초기화합니다.
26-Mar-2020 15:55:28.120 정보 [main] org.apache.coyote.AbstractProtocol.init 프로토콜 핸들러 ["https-openssl-nio-443"]을(를) 초기화합니다.
26-Mar-2020 15:55:28.198 정보 [main] org.apache.coyote.AbstractProtocol.init 프로토콜 핸들러 ["ajp-nio-8009"]을(를) 초기화합니다.
26-Mar-2020 15:55:28.214 정보 [main] org.apache.catalina.startup.Catalina.load [1,378] 밀리초 내에 서버가 초기화되었습니다.
26-Mar-2020 15:55:28.245 정보 [main] org.apache.catalina.core.StandardService.startInternal 서비스 [Catalina]을(를) 시작합니다.
26-Mar-2020 15:55:28.245 정보 [main] org.apache.catalina.core.StandardEngine.startInternal 서버 엔진을 시작합니다: [Apache Tomcat/9.0.20]
26-Mar-2020 15:55:28.261 정보 [main] org.apache.catalina.startup.HostConfig.deployDirectory 웹 애플리케이션 디렉토리 [C:\java-msa\apache-tomcat-9.0.20\webapps\docs]을(를) 배치합니다.
26-Mar-2020 15:55:28.636 정보 [main] org.apache.catalina.startup.HostConfig.deployDirectory 웹 애플리케이션 디렉토리 [C:\java-msa\apache-tomcat-9.0.20\webapps\docs]에 대한 배치가 [375] 밀리초에 완료되었습니다.
26-Mar-2020 15:55:28.636 정보 [main] org.apache.catalina.startup.HostConfig.deployDirectory 웹 애플리케이션 디렉토리 [C:\java-msa\apache-tomcat-9.0.20\webapps\examples]을(를) 배치합니다.
26-Mar-2020 15:55:29.354 정보 [main] org.apache.catalina.startup.HostConfig.deployDirectory 웹 애플리케이션 디렉토리 [C:\java-msa\apache-tomcat-9.0.20\webapps\examples]에 대한 배치가 [718] 밀리초에 완료되었습니다.
26-Mar-2020 15:55:29.370 정보 [main] org.apache.catalina.startup.HostConfig.deployDirectory 웹 애플리케이션 디렉토리 [C:\java-msa\apache-tomcat-9.0.20\webapps\host-manager]을(를) 배치합니다.
26-Mar-2020 15:55:29.432 정보 [main] org.apache.catalina.startup.HostConfig.deployDirectory 웹 애플리케이션 디렉토리 [C:\java-msa\apache-tomcat-9.0.20\webapps\host-manager]에 대한 배치가 [62] 밀리초에 완료되었습니다.
26-Mar-2020 15:55:29.432 정보 [main] org.apache.catalina.startup.HostConfig.deployDirectory 웹 애플리케이션 디렉토리 [C:\java-msa\apache-tomcat-9.0.20\webapps\manager]을(를) 배치합니다.
26-Mar-2020 15:55:29.511 정보 [main] org.apache.catalina.startup.HostConfig.deployDirectory 웹 애플리케이션 디렉토리 [C:\java-msa\apache-tomcat-9.0.20\webapps\manager]에 대한 배치가 [79] 밀리초에 완료되었습니다.
26-Mar-2020 15:55:29.511 정보 [main] org.apache.catalina.startup.HostConfig.deployDirectory 웹 애플리케이션 디렉토리 [C:\java-msa\apache-tomcat-9.0.20\webapps\ROOT]을(를) 배치합니다.
26-Mar-2020 15:55:29.557 정보 [main] org.apache.catalina.startup.HostConfig.deployDirectory 웹 애플리케이션 디렉토리 [C:\java-msa\apache-tomcat-9.0.20\webapps\ROOT]에 대한 배치가 [46] 밀리초에 완료되었습니다.
26-Mar-2020 15:55:29.573 정보 [main] org.apache.coyote.AbstractProtocol.start 프로토콜 핸들러 ["http-nio-8080"]을(를) 시작합니다.
26-Mar-2020 15:55:29.589 정보 [main] org.apache.coyote.AbstractProtocol.start 프로토콜 핸들러 ["https-openssl-nio-443"]을(를) 시작합니다.
26-Mar-2020 15:55:29.604 정보 [main] org.apache.coyote.AbstractProtocol.start 프로토콜 핸들러 ["ajp-nio-8009"]을(를) 시작합니다.
26-Mar-2020 15:55:29.622 정보 [main] org.apache.catalina.startup.Catalina.start 서버가 [1,407] 밀리초 내에 시작되었습니다.
26-Mar-2020 15:56:56.897 정보 [main] org.apache.catalina.startup.VersionLoggerListener.log 서버 버전 이름:        Apache Tomcat/9.0.20
26-Mar-2020 15:56:56.912 정보 [main] org.apache.catalina.startup.VersionLoggerListener.log Server 빌드 시각:          May 3 2019 22:26:00 UTC
26-Mar-2020 15:56:56.912 정보 [main] org.apache.catalina.startup.VersionLoggerListener.log Server 버전 번호:         9.0.20.0
26-Mar-2020 15:56:56.912 정보 [main] org.apache.catalina.startup.VersionLoggerListener.log 운영체제 이름:               Windows 10
26-Mar-2020 15:56:56.912 정보 [main] org.apache.catalina.startup.VersionLoggerListener.log 운영체제 버전:            10.0
26-Mar-2020 15:56:56.912 정보 [main] org.apache.catalina.startup.VersionLoggerListener.log 아키텍처:          amd64
26-Mar-2020 15:56:56.912 정보 [main] org.apache.catalina.startup.VersionLoggerListener.log 자바 홈:             C:\java-msa\jdk1.8.0_111\jre
26-Mar-2020 15:56:56.912 정보 [main] org.apache.catalina.startup.VersionLoggerListener.log JVM 버전:           1.8.0_111-b14
26-Mar-2020 15:56:56.928 정보 [main] org.apache.catalina.startup.VersionLoggerListener.log JVM 벤더:            Oracle Corporation
26-Mar-2020 15:56:56.928 정보 [main] org.apache.catalina.startup.VersionLoggerListener.log CATALINA_BASE:         C:\java-msa\apache-tomcat-9.0.20
26-Mar-2020 15:56:56.928 정보 [main] org.apache.catalina.startup.VersionLoggerListener.log CATALINA_HOME:         C:\java-msa\apache-tomcat-9.0.20
26-Mar-2020 15:56:56.928 정보 [main] org.apache.catalina.startup.VersionLoggerListener.log 명령 행 아규먼트: -Djava.util.logging.config.file=C:\java-msa\apache-tomcat-9.0.20\conf\logging.properties
26-Mar-2020 15:56:56.928 정보 [main] org.apache.catalina.startup.VersionLoggerListener.log 명령 행 아규먼트: -Djava.util.logging.manager=org.apache.juli.ClassLoaderLogManager
26-Mar-2020 15:56:56.928 정보 [main] org.apache.catalina.startup.VersionLoggerListener.log 명령 행 아규먼트: -Djdk.tls.ephemeralDHKeySize=2048
26-Mar-2020 15:56:56.928 정보 [main] org.apache.catalina.startup.VersionLoggerListener.log 명령 행 아규먼트: -Djava.protocol.handler.pkgs=org.apache.catalina.webresources
26-Mar-2020 15:56:56.928 정보 [main] org.apache.catalina.startup.VersionLoggerListener.log 명령 행 아규먼트: -Dignore.endorsed.dirs=
26-Mar-2020 15:56:56.928 정보 [main] org.apache.catalina.startup.VersionLoggerListener.log 명령 행 아규먼트: -Dcatalina.base=C:\java-msa\apache-tomcat-9.0.20
26-Mar-2020 15:56:56.928 정보 [main] org.apache.catalina.startup.VersionLoggerListener.log 명령 행 아규먼트: -Dcatalina.home=C:\java-msa\apache-tomcat-9.0.20
26-Mar-2020 15:56:56.928 정보 [main] org.apache.catalina.startup.VersionLoggerListener.log 명령 행 아규먼트: -Djava.io.tmpdir=C:\java-msa\apache-tomcat-9.0.20\temp
26-Mar-2020 15:56:56.928 정보 [main] org.apache.catalina.core.AprLifecycleListener.lifecycleEvent APR 버전 [1.6.5]을(를) 사용한, APR 기반 Apache Tomcat Native 라이브러리 [1.2.21]을(를) 로드했습니다.
26-Mar-2020 15:56:56.928 정보 [main] org.apache.catalina.core.AprLifecycleListener.lifecycleEvent APR 용량정보들: IPv6 [true], sendfile [true], accept filters [false], random [true].
26-Mar-2020 15:56:56.928 정보 [main] org.apache.catalina.core.AprLifecycleListener.lifecycleEvent APR/OpenSSL 설정: useAprConnector [false], useOpenSSL [true]
26-Mar-2020 15:56:56.944 정보 [main] org.apache.catalina.core.AprLifecycleListener.initializeSSL OpenSSL이 성공적으로 초기화되었습니다: [OpenSSL 1.1.1a  20 Nov 2018]
26-Mar-2020 15:56:57.553 정보 [main] org.apache.coyote.AbstractProtocol.init 프로토콜 핸들러 ["http-nio-80"]을(를) 초기화합니다.
26-Mar-2020 15:56:57.818 정보 [main] org.apache.coyote.AbstractProtocol.init 프로토콜 핸들러 ["https-openssl-nio-443"]을(를) 초기화합니다.
26-Mar-2020 15:56:57.959 정보 [main] org.apache.coyote.AbstractProtocol.init 프로토콜 핸들러 ["ajp-nio-8009"]을(를) 초기화합니다.
26-Mar-2020 15:56:57.975 정보 [main] org.apache.catalina.startup.Catalina.load [1,461] 밀리초 내에 서버가 초기화되었습니다.
26-Mar-2020 15:56:58.022 정보 [main] org.apache.catalina.core.StandardService.startInternal 서비스 [Catalina]을(를) 시작합니다.
26-Mar-2020 15:56:58.022 정보 [main] org.apache.catalina.core.StandardEngine.startInternal 서버 엔진을 시작합니다: [Apache Tomcat/9.0.20]
26-Mar-2020 15:56:58.037 정보 [main] org.apache.catalina.startup.HostConfig.deployDirectory 웹 애플리케이션 디렉토리 [C:\java-msa\apache-tomcat-9.0.20\webapps\docs]을(를) 배치합니다.
26-Mar-2020 15:56:58.431 정보 [main] org.apache.catalina.startup.HostConfig.deployDirectory 웹 애플리케이션 디렉토리 [C:\java-msa\apache-tomcat-9.0.20\webapps\docs]에 대한 배치가 [394] 밀리초에 완료되었습니다.
26-Mar-2020 15:56:58.431 정보 [main] org.apache.catalina.startup.HostConfig.deployDirectory 웹 애플리케이션 디렉토리 [C:\java-msa\apache-tomcat-9.0.20\webapps\examples]을(를) 배치합니다.
26-Mar-2020 15:56:59.131 정보 [main] org.apache.catalina.startup.HostConfig.deployDirectory 웹 애플리케이션 디렉토리 [C:\java-msa\apache-tomcat-9.0.20\webapps\examples]에 대한 배치가 [700] 밀리초에 완료되었습니다.
26-Mar-2020 15:56:59.131 정보 [main] org.apache.catalina.startup.HostConfig.deployDirectory 웹 애플리케이션 디렉토리 [C:\java-msa\apache-tomcat-9.0.20\webapps\host-manager]을(를) 배치합니다.
26-Mar-2020 15:56:59.209 정보 [main] org.apache.catalina.startup.HostConfig.deployDirectory 웹 애플리케이션 디렉토리 [C:\java-msa\apache-tomcat-9.0.20\webapps\host-manager]에 대한 배치가 [78] 밀리초에 완료되었습니다.
26-Mar-2020 15:56:59.209 정보 [main] org.apache.catalina.startup.HostConfig.deployDirectory 웹 애플리케이션 디렉토리 [C:\java-msa\apache-tomcat-9.0.20\webapps\manager]을(를) 배치합니다.
26-Mar-2020 15:56:59.272 정보 [main] org.apache.catalina.startup.HostConfig.deployDirectory 웹 애플리케이션 디렉토리 [C:\java-msa\apache-tomcat-9.0.20\webapps\manager]에 대한 배치가 [63] 밀리초에 완료되었습니다.
26-Mar-2020 15:56:59.272 정보 [main] org.apache.catalina.startup.HostConfig.deployDirectory 웹 애플리케이션 디렉토리 [C:\java-msa\apache-tomcat-9.0.20\webapps\ROOT]을(를) 배치합니다.
26-Mar-2020 15:56:59.334 정보 [main] org.apache.catalina.startup.HostConfig.deployDirectory 웹 애플리케이션 디렉토리 [C:\java-msa\apache-tomcat-9.0.20\webapps\ROOT]에 대한 배치가 [62] 밀리초에 완료되었습니다.
26-Mar-2020 15:56:59.350 정보 [main] org.apache.coyote.AbstractProtocol.start 프로토콜 핸들러 ["http-nio-80"]을(를) 시작합니다.
26-Mar-2020 15:56:59.365 정보 [main] org.apache.coyote.AbstractProtocol.start 프로토콜 핸들러 ["https-openssl-nio-443"]을(를) 시작합니다.
26-Mar-2020 15:56:59.388 정보 [main] org.apache.coyote.AbstractProtocol.start 프로토콜 핸들러 ["ajp-nio-8009"]을(를) 시작합니다.
26-Mar-2020 15:56:59.397 정보 [main] org.apache.catalina.startup.Catalina.start 서버가 [1,424] 밀리초 내에 시작되었습니다.
26-Mar-2020 16:05:39.491 정보 [main] org.apache.catalina.startup.VersionLoggerListener.log 서버 버전 이름:        Apache Tomcat/9.0.20
26-Mar-2020 16:05:39.499 정보 [main] org.apache.catalina.startup.VersionLoggerListener.log Server 빌드 시각:          May 3 2019 22:26:00 UTC
26-Mar-2020 16:05:39.503 정보 [main] org.apache.catalina.startup.VersionLoggerListener.log Server 버전 번호:         9.0.20.0
26-Mar-2020 16:05:39.504 정보 [main] org.apache.catalina.startup.VersionLoggerListener.log 운영체제 이름:               Windows 10
26-Mar-2020 16:05:39.504 정보 [main] org.apache.catalina.startup.VersionLoggerListener.log 운영체제 버전:            10.0
26-Mar-2020 16:05:39.505 정보 [main] org.apache.catalina.startup.VersionLoggerListener.log 아키텍처:          amd64
26-Mar-2020 16:05:39.505 정보 [main] org.apache.catalina.startup.VersionLoggerListener.log 자바 홈:             C:\java-msa\jdk1.8.0_111\jre
26-Mar-2020 16:05:39.506 정보 [main] org.apache.catalina.startup.VersionLoggerListener.log JVM 버전:           1.8.0_111-b14
26-Mar-2020 16:05:39.507 정보 [main] org.apache.catalina.startup.VersionLoggerListener.log JVM 벤더:            Oracle Corporation
26-Mar-2020 16:05:39.507 정보 [main] org.apache.catalina.startup.VersionLoggerListener.log CATALINA_BASE:         C:\java-msa\apache-tomcat-9.0.20
26-Mar-2020 16:05:39.507 정보 [main] org.apache.catalina.startup.VersionLoggerListener.log CATALINA_HOME:         C:\java-msa\apache-tomcat-9.0.20
26-Mar-2020 16:05:39.509 정보 [main] org.apache.catalina.startup.VersionLoggerListener.log 명령 행 아규먼트: -Djava.util.logging.config.file=C:\java-msa\apache-tomcat-9.0.20\conf\logging.properties
26-Mar-2020 16:05:39.510 정보 [main] org.apache.catalina.startup.VersionLoggerListener.log 명령 행 아규먼트: -Djava.util.logging.manager=org.apache.juli.ClassLoaderLogManager
26-Mar-2020 16:05:39.510 정보 [main] org.apache.catalina.startup.VersionLoggerListener.log 명령 행 아규먼트: -Djdk.tls.ephemeralDHKeySize=2048
26-Mar-2020 16:05:39.518 정보 [main] org.apache.catalina.startup.VersionLoggerListener.log 명령 행 아규먼트: -Djava.protocol.handler.pkgs=org.apache.catalina.webresources
26-Mar-2020 16:05:39.565 정보 [main] org.apache.catalina.startup.VersionLoggerListener.log 명령 행 아규먼트: -Dignore.endorsed.dirs=
26-Mar-2020 16:05:39.566 정보 [main] org.apache.catalina.startup.VersionLoggerListener.log 명령 행 아규먼트: -Dcatalina.base=C:\java-msa\apache-tomcat-9.0.20
26-Mar-2020 16:05:39.566 정보 [main] org.apache.catalina.startup.VersionLoggerListener.log 명령 행 아규먼트: -Dcatalina.home=C:\java-msa\apache-tomcat-9.0.20
26-Mar-2020 16:05:39.567 정보 [main] org.apache.catalina.startup.VersionLoggerListener.log 명령 행 아규먼트: -Djava.io.tmpdir=C:\java-msa\apache-tomcat-9.0.20\temp
26-Mar-2020 16:05:39.568 정보 [main] org.apache.catalina.core.AprLifecycleListener.lifecycleEvent APR 버전 [1.6.5]을(를) 사용한, APR 기반 Apache Tomcat Native 라이브러리 [1.2.21]을(를) 로드했습니다.
26-Mar-2020 16:05:39.568 정보 [main] org.apache.catalina.core.AprLifecycleListener.lifecycleEvent APR 용량정보들: IPv6 [true], sendfile [true], accept filters [false], random [true].
26-Mar-2020 16:05:39.572 정보 [main] org.apache.catalina.core.AprLifecycleListener.lifecycleEvent APR/OpenSSL 설정: useAprConnector [false], useOpenSSL [true]
26-Mar-2020 16:05:39.627 정보 [main] org.apache.catalina.core.AprLifecycleListener.initializeSSL OpenSSL이 성공적으로 초기화되었습니다: [OpenSSL 1.1.1a  20 Nov 2018]
26-Mar-2020 16:05:40.384 정보 [main] org.apache.coyote.AbstractProtocol.init 프로토콜 핸들러 ["http-nio-80"]을(를) 초기화합니다.
26-Mar-2020 16:05:40.673 정보 [main] org.apache.coyote.AbstractProtocol.init 프로토콜 핸들러 ["https-openssl-nio-443"]을(를) 초기화합니다.
26-Mar-2020 16:05:40.760 정보 [main] org.apache.coyote.AbstractProtocol.init 프로토콜 핸들러 ["ajp-nio-8009"]을(를) 초기화합니다.
26-Mar-2020 16:05:40.767 정보 [main] org.apache.catalina.startup.Catalina.load [1,788] 밀리초 내에 서버가 초기화되었습니다.
26-Mar-2020 16:05:40.816 정보 [main] org.apache.catalina.core.StandardService.startInternal 서비스 [Catalina]을(를) 시작합니다.
26-Mar-2020 16:05:40.817 정보 [main] org.apache.catalina.core.StandardEngine.startInternal 서버 엔진을 시작합니다: [Apache Tomcat/9.0.20]
26-Mar-2020 16:05:40.843 정보 [main] org.apache.catalina.startup.HostConfig.deployDirectory 웹 애플리케이션 디렉토리 [C:\java-msa\apache-tomcat-9.0.20\webapps\docs]을(를) 배치합니다.
26-Mar-2020 16:05:41.083 심각 [main] org.apache.tomcat.util.digester.Digester.fatalError [639] 행 [9} 열에서 심각한 파싱 오류 발생
	org.xml.sax.SAXParseException; systemId: file:/C:/java-msa/apache-tomcat-9.0.20/conf/web.xml; lineNumber: 639; columnNumber: 9; 요소 유형 "transport-guarantee"은(는) 짝이 맞는 종료 태그 "</transport-guarantee>"(으)로 종료되어야 합니다.
		at com.sun.org.apache.xerces.internal.util.ErrorHandlerWrapper.createSAXParseException(ErrorHandlerWrapper.java:203)
		at com.sun.org.apache.xerces.internal.util.ErrorHandlerWrapper.fatalError(ErrorHandlerWrapper.java:177)
		at com.sun.org.apache.xerces.internal.impl.XMLErrorReporter.reportError(XMLErrorReporter.java:400)
		at com.sun.org.apache.xerces.internal.impl.XMLErrorReporter.reportError(XMLErrorReporter.java:327)
		at com.sun.org.apache.xerces.internal.impl.XMLScanner.reportFatalError(XMLScanner.java:1472)
		at com.sun.org.apache.xerces.internal.impl.XMLDocumentFragmentScannerImpl.scanEndElement(XMLDocumentFragmentScannerImpl.java:1749)
		at com.sun.org.apache.xerces.internal.impl.XMLDocumentFragmentScannerImpl$FragmentContentDriver.next(XMLDocumentFragmentScannerImpl.java:2967)
		at com.sun.org.apache.xerces.internal.impl.XMLDocumentScannerImpl.next(XMLDocumentScannerImpl.java:602)
		at com.sun.org.apache.xerces.internal.impl.XMLDocumentFragmentScannerImpl.scanDocument(XMLDocumentFragmentScannerImpl.java:505)
		at com.sun.org.apache.xerces.internal.parsers.XML11Configuration.parse(XML11Configuration.java:841)
		at com.sun.org.apache.xerces.internal.parsers.XML11Configuration.parse(XML11Configuration.java:770)
		at com.sun.org.apache.xerces.internal.parsers.XMLParser.parse(XMLParser.java:141)
		at com.sun.org.apache.xerces.internal.parsers.AbstractSAXParser.parse(AbstractSAXParser.java:1213)
		at com.sun.org.apache.xerces.internal.jaxp.SAXParserImpl$JAXPSAXParser.parse(SAXParserImpl.java:643)
		at org.apache.tomcat.util.digester.Digester.parse(Digester.java:1431)
		at org.apache.tomcat.util.descriptor.web.WebXmlParser.parseWebXml(WebXmlParser.java:119)
		at org.apache.catalina.startup.ContextConfig.getDefaultWebXmlFragment(ContextConfig.java:1583)
		at org.apache.catalina.startup.ContextConfig.webConfig(ContextConfig.java:1108)
		at org.apache.catalina.startup.ContextConfig.configureStart(ContextConfig.java:775)
		at org.apache.catalina.startup.ContextConfig.lifecycleEvent(ContextConfig.java:301)
		at org.apache.catalina.util.LifecycleBase.fireLifecycleEvent(LifecycleBase.java:123)
		at org.apache.catalina.core.StandardContext.startInternal(StandardContext.java:5048)
		at org.apache.catalina.util.LifecycleBase.start(LifecycleBase.java:183)
		at org.apache.catalina.core.ContainerBase.addChildInternal(ContainerBase.java:713)
		at org.apache.catalina.core.ContainerBase.addChild(ContainerBase.java:690)
		at org.apache.catalina.core.StandardHost.addChild(StandardHost.java:705)
		at org.apache.catalina.startup.HostConfig.deployDirectory(HostConfig.java:1133)
		at org.apache.catalina.startup.HostConfig$DeployDirectory.run(HostConfig.java:1867)
		at java.util.concurrent.Executors$RunnableAdapter.call(Executors.java:511)
		at java.util.concurrent.FutureTask.run(FutureTask.java:266)
		at org.apache.tomcat.util.threads.InlineExecutorService.execute(InlineExecutorService.java:75)
		at java.util.concurrent.AbstractExecutorService.submit(AbstractExecutorService.java:112)
		at org.apache.catalina.startup.HostConfig.deployDirectories(HostConfig.java:1045)
		at org.apache.catalina.startup.HostConfig.deployApps(HostConfig.java:429)
		at org.apache.catalina.startup.HostConfig.start(HostConfig.java:1576)
		at org.apache.catalina.startup.HostConfig.lifecycleEvent(HostConfig.java:309)
		at org.apache.catalina.util.LifecycleBase.fireLifecycleEvent(LifecycleBase.java:123)
		at org.apache.catalina.util.LifecycleBase.setStateInternal(LifecycleBase.java:423)
		at org.apache.catalina.util.LifecycleBase.setState(LifecycleBase.java:366)
		at org.apache.catalina.core.ContainerBase.startInternal(ContainerBase.java:929)
		at org.apache.catalina.core.StandardHost.startInternal(StandardHost.java:841)
		at org.apache.catalina.util.LifecycleBase.start(LifecycleBase.java:183)
		at org.apache.catalina.core.ContainerBase$StartChild.call(ContainerBase.java:1377)
		at org.apache.catalina.core.ContainerBase$StartChild.call(ContainerBase.java:1367)
		at java.util.concurrent.FutureTask.run(FutureTask.java:266)
		at org.apache.tomcat.util.threads.InlineExecutorService.execute(InlineExecutorService.java:75)
		at java.util.concurrent.AbstractExecutorService.submit(AbstractExecutorService.java:134)
		at org.apache.catalina.core.ContainerBase.startInternal(ContainerBase.java:902)
		at org.apache.catalina.core.StandardEngine.startInternal(StandardEngine.java:262)
		at org.apache.catalina.util.LifecycleBase.start(LifecycleBase.java:183)
		at org.apache.catalina.core.StandardService.startInternal(StandardService.java:421)
		at org.apache.catalina.util.LifecycleBase.start(LifecycleBase.java:183)
		at org.apache.catalina.core.StandardServer.startInternal(StandardServer.java:932)
		at org.apache.catalina.util.LifecycleBase.start(LifecycleBase.java:183)
		at org.apache.catalina.startup.Catalina.start(Catalina.java:633)
		at sun.reflect.NativeMethodAccessorImpl.invoke0(Native Method)
		at sun.reflect.NativeMethodAccessorImpl.invoke(NativeMethodAccessorImpl.java:62)
		at sun.reflect.DelegatingMethodAccessorImpl.invoke(DelegatingMethodAccessorImpl.java:43)
		at java.lang.reflect.Method.invoke(Method.java:498)
		at org.apache.catalina.startup.Bootstrap.start(Bootstrap.java:344)
		at org.apache.catalina.startup.Bootstrap.main(Bootstrap.java:475)
26-Mar-2020 16:05:41.096 심각 [main] org.apache.tomcat.util.descriptor.web.WebXmlParser.parseWebXml [file:/C:/java-msa/apache-tomcat-9.0.20/conf/web.xml]에 위치한 애플리케이션 web.xml 내에서 파싱 오류 발생
	org.xml.sax.SAXParseException; systemId: file:/C:/java-msa/apache-tomcat-9.0.20/conf/web.xml; lineNumber: 639; columnNumber: 9; 요소 유형 "transport-guarantee"은(는) 짝이 맞는 종료 태그 "</transport-guarantee>"(으)로 종료되어야 합니다.
		at com.sun.org.apache.xerces.internal.util.ErrorHandlerWrapper.createSAXParseException(ErrorHandlerWrapper.java:203)
		at com.sun.org.apache.xerces.internal.util.ErrorHandlerWrapper.fatalError(ErrorHandlerWrapper.java:177)
		at com.sun.org.apache.xerces.internal.impl.XMLErrorReporter.reportError(XMLErrorReporter.java:400)
		at com.sun.org.apache.xerces.internal.impl.XMLErrorReporter.reportError(XMLErrorReporter.java:327)
		at com.sun.org.apache.xerces.internal.impl.XMLScanner.reportFatalError(XMLScanner.java:1472)
		at com.sun.org.apache.xerces.internal.impl.XMLDocumentFragmentScannerImpl.scanEndElement(XMLDocumentFragmentScannerImpl.java:1749)
		at com.sun.org.apache.xerces.internal.impl.XMLDocumentFragmentScannerImpl$FragmentContentDriver.next(XMLDocumentFragmentScannerImpl.java:2967)
		at com.sun.org.apache.xerces.internal.impl.XMLDocumentScannerImpl.next(XMLDocumentScannerImpl.java:602)
		at com.sun.org.apache.xerces.internal.impl.XMLDocumentFragmentScannerImpl.scanDocument(XMLDocumentFragmentScannerImpl.java:505)
		at com.sun.org.apache.xerces.internal.parsers.XML11Configuration.parse(XML11Configuration.java:841)
		at com.sun.org.apache.xerces.internal.parsers.XML11Configuration.parse(XML11Configuration.java:770)
		at com.sun.org.apache.xerces.internal.parsers.XMLParser.parse(XMLParser.java:141)
		at com.sun.org.apache.xerces.internal.parsers.AbstractSAXParser.parse(AbstractSAXParser.java:1213)
		at com.sun.org.apache.xerces.internal.jaxp.SAXParserImpl$JAXPSAXParser.parse(SAXParserImpl.java:643)
		at org.apache.tomcat.util.digester.Digester.parse(Digester.java:1431)
		at org.apache.tomcat.util.descriptor.web.WebXmlParser.parseWebXml(WebXmlParser.java:119)
		at org.apache.catalina.startup.ContextConfig.getDefaultWebXmlFragment(ContextConfig.java:1583)
		at org.apache.catalina.startup.ContextConfig.webConfig(ContextConfig.java:1108)
		at org.apache.catalina.startup.ContextConfig.configureStart(ContextConfig.java:775)
		at org.apache.catalina.startup.ContextConfig.lifecycleEvent(ContextConfig.java:301)
		at org.apache.catalina.util.LifecycleBase.fireLifecycleEvent(LifecycleBase.java:123)
		at org.apache.catalina.core.StandardContext.startInternal(StandardContext.java:5048)
		at org.apache.catalina.util.LifecycleBase.start(LifecycleBase.java:183)
		at org.apache.catalina.core.ContainerBase.addChildInternal(ContainerBase.java:713)
		at org.apache.catalina.core.ContainerBase.addChild(ContainerBase.java:690)
		at org.apache.catalina.core.StandardHost.addChild(StandardHost.java:705)
		at org.apache.catalina.startup.HostConfig.deployDirectory(HostConfig.java:1133)
		at org.apache.catalina.startup.HostConfig$DeployDirectory.run(HostConfig.java:1867)
		at java.util.concurrent.Executors$RunnableAdapter.call(Executors.java:511)
		at java.util.concurrent.FutureTask.run(FutureTask.java:266)
		at org.apache.tomcat.util.threads.InlineExecutorService.execute(InlineExecutorService.java:75)
		at java.util.concurrent.AbstractExecutorService.submit(AbstractExecutorService.java:112)
		at org.apache.catalina.startup.HostConfig.deployDirectories(HostConfig.java:1045)
		at org.apache.catalina.startup.HostConfig.deployApps(HostConfig.java:429)
		at org.apache.catalina.startup.HostConfig.start(HostConfig.java:1576)
		at org.apache.catalina.startup.HostConfig.lifecycleEvent(HostConfig.java:309)
		at org.apache.catalina.util.LifecycleBase.fireLifecycleEvent(LifecycleBase.java:123)
		at org.apache.catalina.util.LifecycleBase.setStateInternal(LifecycleBase.java:423)
		at org.apache.catalina.util.LifecycleBase.setState(LifecycleBase.java:366)
		at org.apache.catalina.core.ContainerBase.startInternal(ContainerBase.java:929)
		at org.apache.catalina.core.StandardHost.startInternal(StandardHost.java:841)
		at org.apache.catalina.util.LifecycleBase.start(LifecycleBase.java:183)
		at org.apache.catalina.core.ContainerBase$StartChild.call(ContainerBase.java:1377)
		at org.apache.catalina.core.ContainerBase$StartChild.call(ContainerBase.java:1367)
		at java.util.concurrent.FutureTask.run(FutureTask.java:266)
		at org.apache.tomcat.util.threads.InlineExecutorService.execute(InlineExecutorService.java:75)
		at java.util.concurrent.AbstractExecutorService.submit(AbstractExecutorService.java:134)
		at org.apache.catalina.core.ContainerBase.startInternal(ContainerBase.java:902)
		at org.apache.catalina.core.StandardEngine.startInternal(StandardEngine.java:262)
		at org.apache.catalina.util.LifecycleBase.start(LifecycleBase.java:183)
		at org.apache.catalina.core.StandardService.startInternal(StandardService.java:421)
		at org.apache.catalina.util.LifecycleBase.start(LifecycleBase.java:183)
		at org.apache.catalina.core.StandardServer.startInternal(StandardServer.java:932)
		at org.apache.catalina.util.LifecycleBase.start(LifecycleBase.java:183)
		at org.apache.catalina.startup.Catalina.start(Catalina.java:633)
		at sun.reflect.NativeMethodAccessorImpl.invoke0(Native Method)
		at sun.reflect.NativeMethodAccessorImpl.invoke(NativeMethodAccessorImpl.java:62)
		at sun.reflect.DelegatingMethodAccessorImpl.invoke(DelegatingMethodAccessorImpl.java:43)
		at java.lang.reflect.Method.invoke(Method.java:498)
		at org.apache.catalina.startup.Bootstrap.start(Bootstrap.java:344)
		at org.apache.catalina.startup.Bootstrap.main(Bootstrap.java:475)
26-Mar-2020 16:05:41.135 심각 [main] org.apache.tomcat.util.descriptor.web.WebXmlParser.parseWebXml 행 [639], 열 [9]에서 발생했음
26-Mar-2020 16:05:41.207 심각 [main] org.apache.catalina.startup.ContextConfig.configureStart 이전 오류(들)로 인하여, 이 애플리케이션이 가용하지 않은 것으로 표시합니다.
26-Mar-2020 16:05:41.253 심각 [main] org.apache.catalina.core.StandardContext.startInternal 하나 이상의 구성요소(들)이, 해당 컨텍스트가 올바로 설정되지 않았다고 표시했습니다.
26-Mar-2020 16:05:41.265 심각 [main] org.apache.catalina.core.StandardContext.startInternal 이전 오류들로 인해 컨텍스트 [/docs]의 시작이 실패했습니다.
26-Mar-2020 16:05:41.298 정보 [main] org.apache.catalina.startup.HostConfig.deployDirectory 웹 애플리케이션 디렉토리 [C:\java-msa\apache-tomcat-9.0.20\webapps\docs]에 대한 배치가 [454] 밀리초에 완료되었습니다.
26-Mar-2020 16:05:41.301 정보 [main] org.apache.catalina.startup.HostConfig.deployDirectory 웹 애플리케이션 디렉토리 [C:\java-msa\apache-tomcat-9.0.20\webapps\examples]을(를) 배치합니다.
26-Mar-2020 16:05:42.370 정보 [main] org.apache.catalina.startup.HostConfig.deployDirectory 웹 애플리케이션 디렉토리 [C:\java-msa\apache-tomcat-9.0.20\webapps\examples]에 대한 배치가 [1,069] 밀리초에 완료되었습니다.
26-Mar-2020 16:05:42.371 정보 [main] org.apache.catalina.startup.HostConfig.deployDirectory 웹 애플리케이션 디렉토리 [C:\java-msa\apache-tomcat-9.0.20\webapps\host-manager]을(를) 배치합니다.
26-Mar-2020 16:05:42.460 정보 [main] org.apache.catalina.startup.HostConfig.deployDirectory 웹 애플리케이션 디렉토리 [C:\java-msa\apache-tomcat-9.0.20\webapps\host-manager]에 대한 배치가 [89] 밀리초에 완료되었습니다.
26-Mar-2020 16:05:42.462 정보 [main] org.apache.catalina.startup.HostConfig.deployDirectory 웹 애플리케이션 디렉토리 [C:\java-msa\apache-tomcat-9.0.20\webapps\manager]을(를) 배치합니다.
26-Mar-2020 16:05:42.548 정보 [main] org.apache.catalina.startup.HostConfig.deployDirectory 웹 애플리케이션 디렉토리 [C:\java-msa\apache-tomcat-9.0.20\webapps\manager]에 대한 배치가 [86] 밀리초에 완료되었습니다.
26-Mar-2020 16:05:42.550 정보 [main] org.apache.catalina.startup.HostConfig.deployDirectory 웹 애플리케이션 디렉토리 [C:\java-msa\apache-tomcat-9.0.20\webapps\ROOT]을(를) 배치합니다.
26-Mar-2020 16:05:42.645 정보 [main] org.apache.catalina.startup.HostConfig.deployDirectory 웹 애플리케이션 디렉토리 [C:\java-msa\apache-tomcat-9.0.20\webapps\ROOT]에 대한 배치가 [94] 밀리초에 완료되었습니다.
26-Mar-2020 16:05:42.652 정보 [main] org.apache.coyote.AbstractProtocol.start 프로토콜 핸들러 ["http-nio-80"]을(를) 시작합니다.
26-Mar-2020 16:05:42.682 정보 [main] org.apache.coyote.AbstractProtocol.start 프로토콜 핸들러 ["https-openssl-nio-443"]을(를) 시작합니다.
26-Mar-2020 16:05:42.687 정보 [main] org.apache.coyote.AbstractProtocol.start 프로토콜 핸들러 ["ajp-nio-8009"]을(를) 시작합니다.
26-Mar-2020 16:05:42.699 정보 [main] org.apache.catalina.startup.Catalina.start 서버가 [1,927] 밀리초 내에 시작되었습니다.
26-Mar-2020 16:06:09.258 정보 [main] org.apache.catalina.startup.VersionLoggerListener.log 서버 버전 이름:        Apache Tomcat/9.0.20
26-Mar-2020 16:06:09.268 정보 [main] org.apache.catalina.startup.VersionLoggerListener.log Server 빌드 시각:          May 3 2019 22:26:00 UTC
26-Mar-2020 16:06:09.268 정보 [main] org.apache.catalina.startup.VersionLoggerListener.log Server 버전 번호:         9.0.20.0
26-Mar-2020 16:06:09.269 정보 [main] org.apache.catalina.startup.VersionLoggerListener.log 운영체제 이름:               Windows 10
26-Mar-2020 16:06:09.269 정보 [main] org.apache.catalina.startup.VersionLoggerListener.log 운영체제 버전:            10.0
26-Mar-2020 16:06:09.270 정보 [main] org.apache.catalina.startup.VersionLoggerListener.log 아키텍처:          amd64
26-Mar-2020 16:06:09.271 정보 [main] org.apache.catalina.startup.VersionLoggerListener.log 자바 홈:             C:\java-msa\jdk1.8.0_111\jre
26-Mar-2020 16:06:09.271 정보 [main] org.apache.catalina.startup.VersionLoggerListener.log JVM 버전:           1.8.0_111-b14
26-Mar-2020 16:06:09.272 정보 [main] org.apache.catalina.startup.VersionLoggerListener.log JVM 벤더:            Oracle Corporation
26-Mar-2020 16:06:09.273 정보 [main] org.apache.catalina.startup.VersionLoggerListener.log CATALINA_BASE:         C:\java-msa\apache-tomcat-9.0.20
26-Mar-2020 16:06:09.273 정보 [main] org.apache.catalina.startup.VersionLoggerListener.log CATALINA_HOME:         C:\java-msa\apache-tomcat-9.0.20
26-Mar-2020 16:06:09.274 정보 [main] org.apache.catalina.startup.VersionLoggerListener.log 명령 행 아규먼트: -Djava.util.logging.config.file=C:\java-msa\apache-tomcat-9.0.20\conf\logging.properties
26-Mar-2020 16:06:09.275 정보 [main] org.apache.catalina.startup.VersionLoggerListener.log 명령 행 아규먼트: -Djava.util.logging.manager=org.apache.juli.ClassLoaderLogManager
26-Mar-2020 16:06:09.276 정보 [main] org.apache.catalina.startup.VersionLoggerListener.log 명령 행 아규먼트: -Djdk.tls.ephemeralDHKeySize=2048
26-Mar-2020 16:06:09.322 정보 [main] org.apache.catalina.startup.VersionLoggerListener.log 명령 행 아규먼트: -Djava.protocol.handler.pkgs=org.apache.catalina.webresources
26-Mar-2020 16:06:09.323 정보 [main] org.apache.catalina.startup.VersionLoggerListener.log 명령 행 아규먼트: -Dignore.endorsed.dirs=
26-Mar-2020 16:06:09.323 정보 [main] org.apache.catalina.startup.VersionLoggerListener.log 명령 행 아규먼트: -Dcatalina.base=C:\java-msa\apache-tomcat-9.0.20
26-Mar-2020 16:06:09.324 정보 [main] org.apache.catalina.startup.VersionLoggerListener.log 명령 행 아규먼트: -Dcatalina.home=C:\java-msa\apache-tomcat-9.0.20
26-Mar-2020 16:06:09.324 정보 [main] org.apache.catalina.startup.VersionLoggerListener.log 명령 행 아규먼트: -Djava.io.tmpdir=C:\java-msa\apache-tomcat-9.0.20\temp
26-Mar-2020 16:06:09.325 정보 [main] org.apache.catalina.core.AprLifecycleListener.lifecycleEvent APR 버전 [1.6.5]을(를) 사용한, APR 기반 Apache Tomcat Native 라이브러리 [1.2.21]을(를) 로드했습니다.
26-Mar-2020 16:06:09.344 정보 [main] org.apache.catalina.core.AprLifecycleListener.lifecycleEvent APR 용량정보들: IPv6 [true], sendfile [true], accept filters [false], random [true].
26-Mar-2020 16:06:09.345 정보 [main] org.apache.catalina.core.AprLifecycleListener.lifecycleEvent APR/OpenSSL 설정: useAprConnector [false], useOpenSSL [true]
26-Mar-2020 16:06:09.361 정보 [main] org.apache.catalina.core.AprLifecycleListener.initializeSSL OpenSSL이 성공적으로 초기화되었습니다: [OpenSSL 1.1.1a  20 Nov 2018]
26-Mar-2020 16:06:09.920 정보 [main] org.apache.coyote.AbstractProtocol.init 프로토콜 핸들러 ["http-nio-80"]을(를) 초기화합니다.
26-Mar-2020 16:06:10.141 정보 [main] org.apache.coyote.AbstractProtocol.init 프로토콜 핸들러 ["https-openssl-nio-443"]을(를) 초기화합니다.
26-Mar-2020 16:06:10.236 정보 [main] org.apache.coyote.AbstractProtocol.init 프로토콜 핸들러 ["ajp-nio-8009"]을(를) 초기화합니다.
26-Mar-2020 16:06:10.245 정보 [main] org.apache.catalina.startup.Catalina.load [1,328] 밀리초 내에 서버가 초기화되었습니다.
26-Mar-2020 16:06:10.280 정보 [main] org.apache.catalina.core.StandardService.startInternal 서비스 [Catalina]을(를) 시작합니다.
26-Mar-2020 16:06:10.281 정보 [main] org.apache.catalina.core.StandardEngine.startInternal 서버 엔진을 시작합니다: [Apache Tomcat/9.0.20]
26-Mar-2020 16:06:10.303 정보 [main] org.apache.catalina.startup.HostConfig.deployDirectory 웹 애플리케이션 디렉토리 [C:\java-msa\apache-tomcat-9.0.20\webapps\docs]을(를) 배치합니다.
26-Mar-2020 16:06:10.503 심각 [main] org.apache.tomcat.util.digester.Digester.fatalError [640] 행 [5} 열에서 심각한 파싱 오류 발생
	org.xml.sax.SAXParseException; systemId: file:/C:/java-msa/apache-tomcat-9.0.20/conf/web.xml; lineNumber: 640; columnNumber: 5; 요소 유형 "web-resource-collection"은(는) 짝이 맞는 종료 태그 "</web-resource-collection>"(으)로 종료되어야 합니다.
		at com.sun.org.apache.xerces.internal.util.ErrorHandlerWrapper.createSAXParseException(ErrorHandlerWrapper.java:203)
		at com.sun.org.apache.xerces.internal.util.ErrorHandlerWrapper.fatalError(ErrorHandlerWrapper.java:177)
		at com.sun.org.apache.xerces.internal.impl.XMLErrorReporter.reportError(XMLErrorReporter.java:400)
		at com.sun.org.apache.xerces.internal.impl.XMLErrorReporter.reportError(XMLErrorReporter.java:327)
		at com.sun.org.apache.xerces.internal.impl.XMLScanner.reportFatalError(XMLScanner.java:1472)
		at com.sun.org.apache.xerces.internal.impl.XMLDocumentFragmentScannerImpl.scanEndElement(XMLDocumentFragmentScannerImpl.java:1749)
		at com.sun.org.apache.xerces.internal.impl.XMLDocumentFragmentScannerImpl$FragmentContentDriver.next(XMLDocumentFragmentScannerImpl.java:2967)
		at com.sun.org.apache.xerces.internal.impl.XMLDocumentScannerImpl.next(XMLDocumentScannerImpl.java:602)
		at com.sun.org.apache.xerces.internal.impl.XMLDocumentFragmentScannerImpl.scanDocument(XMLDocumentFragmentScannerImpl.java:505)
		at com.sun.org.apache.xerces.internal.parsers.XML11Configuration.parse(XML11Configuration.java:841)
		at com.sun.org.apache.xerces.internal.parsers.XML11Configuration.parse(XML11Configuration.java:770)
		at com.sun.org.apache.xerces.internal.parsers.XMLParser.parse(XMLParser.java:141)
		at com.sun.org.apache.xerces.internal.parsers.AbstractSAXParser.parse(AbstractSAXParser.java:1213)
		at com.sun.org.apache.xerces.internal.jaxp.SAXParserImpl$JAXPSAXParser.parse(SAXParserImpl.java:643)
		at org.apache.tomcat.util.digester.Digester.parse(Digester.java:1431)
		at org.apache.tomcat.util.descriptor.web.WebXmlParser.parseWebXml(WebXmlParser.java:119)
		at org.apache.catalina.startup.ContextConfig.getDefaultWebXmlFragment(ContextConfig.java:1583)
		at org.apache.catalina.startup.ContextConfig.webConfig(ContextConfig.java:1108)
		at org.apache.catalina.startup.ContextConfig.configureStart(ContextConfig.java:775)
		at org.apache.catalina.startup.ContextConfig.lifecycleEvent(ContextConfig.java:301)
		at org.apache.catalina.util.LifecycleBase.fireLifecycleEvent(LifecycleBase.java:123)
		at org.apache.catalina.core.StandardContext.startInternal(StandardContext.java:5048)
		at org.apache.catalina.util.LifecycleBase.start(LifecycleBase.java:183)
		at org.apache.catalina.core.ContainerBase.addChildInternal(ContainerBase.java:713)
		at org.apache.catalina.core.ContainerBase.addChild(ContainerBase.java:690)
		at org.apache.catalina.core.StandardHost.addChild(StandardHost.java:705)
		at org.apache.catalina.startup.HostConfig.deployDirectory(HostConfig.java:1133)
		at org.apache.catalina.startup.HostConfig$DeployDirectory.run(HostConfig.java:1867)
		at java.util.concurrent.Executors$RunnableAdapter.call(Executors.java:511)
		at java.util.concurrent.FutureTask.run(FutureTask.java:266)
		at org.apache.tomcat.util.threads.InlineExecutorService.execute(InlineExecutorService.java:75)
		at java.util.concurrent.AbstractExecutorService.submit(AbstractExecutorService.java:112)
		at org.apache.catalina.startup.HostConfig.deployDirectories(HostConfig.java:1045)
		at org.apache.catalina.startup.HostConfig.deployApps(HostConfig.java:429)
		at org.apache.catalina.startup.HostConfig.start(HostConfig.java:1576)
		at org.apache.catalina.startup.HostConfig.lifecycleEvent(HostConfig.java:309)
		at org.apache.catalina.util.LifecycleBase.fireLifecycleEvent(LifecycleBase.java:123)
		at org.apache.catalina.util.LifecycleBase.setStateInternal(LifecycleBase.java:423)
		at org.apache.catalina.util.LifecycleBase.setState(LifecycleBase.java:366)
		at org.apache.catalina.core.ContainerBase.startInternal(ContainerBase.java:929)
		at org.apache.catalina.core.StandardHost.startInternal(StandardHost.java:841)
		at org.apache.catalina.util.LifecycleBase.start(LifecycleBase.java:183)
		at org.apache.catalina.core.ContainerBase$StartChild.call(ContainerBase.java:1377)
		at org.apache.catalina.core.ContainerBase$StartChild.call(ContainerBase.java:1367)
		at java.util.concurrent.FutureTask.run(FutureTask.java:266)
		at org.apache.tomcat.util.threads.InlineExecutorService.execute(InlineExecutorService.java:75)
		at java.util.concurrent.AbstractExecutorService.submit(AbstractExecutorService.java:134)
		at org.apache.catalina.core.ContainerBase.startInternal(ContainerBase.java:902)
		at org.apache.catalina.core.StandardEngine.startInternal(StandardEngine.java:262)
		at org.apache.catalina.util.LifecycleBase.start(LifecycleBase.java:183)
		at org.apache.catalina.core.StandardService.startInternal(StandardService.java:421)
		at org.apache.catalina.util.LifecycleBase.start(LifecycleBase.java:183)
		at org.apache.catalina.core.StandardServer.startInternal(StandardServer.java:932)
		at org.apache.catalina.util.LifecycleBase.start(LifecycleBase.java:183)
		at org.apache.catalina.startup.Catalina.start(Catalina.java:633)
		at sun.reflect.NativeMethodAccessorImpl.invoke0(Native Method)
		at sun.reflect.NativeMethodAccessorImpl.invoke(NativeMethodAccessorImpl.java:62)
		at sun.reflect.DelegatingMethodAccessorImpl.invoke(DelegatingMethodAccessorImpl.java:43)
		at java.lang.reflect.Method.invoke(Method.java:498)
		at org.apache.catalina.startup.Bootstrap.start(Bootstrap.java:344)
		at org.apache.catalina.startup.Bootstrap.main(Bootstrap.java:475)
26-Mar-2020 16:06:10.515 심각 [main] org.apache.tomcat.util.descriptor.web.WebXmlParser.parseWebXml [file:/C:/java-msa/apache-tomcat-9.0.20/conf/web.xml]에 위치한 애플리케이션 web.xml 내에서 파싱 오류 발생
	org.xml.sax.SAXParseException; systemId: file:/C:/java-msa/apache-tomcat-9.0.20/conf/web.xml; lineNumber: 640; columnNumber: 5; 요소 유형 "web-resource-collection"은(는) 짝이 맞는 종료 태그 "</web-resource-collection>"(으)로 종료되어야 합니다.
		at com.sun.org.apache.xerces.internal.util.ErrorHandlerWrapper.createSAXParseException(ErrorHandlerWrapper.java:203)
		at com.sun.org.apache.xerces.internal.util.ErrorHandlerWrapper.fatalError(ErrorHandlerWrapper.java:177)
		at com.sun.org.apache.xerces.internal.impl.XMLErrorReporter.reportError(XMLErrorReporter.java:400)
		at com.sun.org.apache.xerces.internal.impl.XMLErrorReporter.reportError(XMLErrorReporter.java:327)
		at com.sun.org.apache.xerces.internal.impl.XMLScanner.reportFatalError(XMLScanner.java:1472)
		at com.sun.org.apache.xerces.internal.impl.XMLDocumentFragmentScannerImpl.scanEndElement(XMLDocumentFragmentScannerImpl.java:1749)
		at com.sun.org.apache.xerces.internal.impl.XMLDocumentFragmentScannerImpl$FragmentContentDriver.next(XMLDocumentFragmentScannerImpl.java:2967)
		at com.sun.org.apache.xerces.internal.impl.XMLDocumentScannerImpl.next(XMLDocumentScannerImpl.java:602)
		at com.sun.org.apache.xerces.internal.impl.XMLDocumentFragmentScannerImpl.scanDocument(XMLDocumentFragmentScannerImpl.java:505)
		at com.sun.org.apache.xerces.internal.parsers.XML11Configuration.parse(XML11Configuration.java:841)
		at com.sun.org.apache.xerces.internal.parsers.XML11Configuration.parse(XML11Configuration.java:770)
		at com.sun.org.apache.xerces.internal.parsers.XMLParser.parse(XMLParser.java:141)
		at com.sun.org.apache.xerces.internal.parsers.AbstractSAXParser.parse(AbstractSAXParser.java:1213)
		at com.sun.org.apache.xerces.internal.jaxp.SAXParserImpl$JAXPSAXParser.parse(SAXParserImpl.java:643)
		at org.apache.tomcat.util.digester.Digester.parse(Digester.java:1431)
		at org.apache.tomcat.util.descriptor.web.WebXmlParser.parseWebXml(WebXmlParser.java:119)
		at org.apache.catalina.startup.ContextConfig.getDefaultWebXmlFragment(ContextConfig.java:1583)
		at org.apache.catalina.startup.ContextConfig.webConfig(ContextConfig.java:1108)
		at org.apache.catalina.startup.ContextConfig.configureStart(ContextConfig.java:775)
		at org.apache.catalina.startup.ContextConfig.lifecycleEvent(ContextConfig.java:301)
		at org.apache.catalina.util.LifecycleBase.fireLifecycleEvent(LifecycleBase.java:123)
		at org.apache.catalina.core.StandardContext.startInternal(StandardContext.java:5048)
		at org.apache.catalina.util.LifecycleBase.start(LifecycleBase.java:183)
		at org.apache.catalina.core.ContainerBase.addChildInternal(ContainerBase.java:713)
		at org.apache.catalina.core.ContainerBase.addChild(ContainerBase.java:690)
		at org.apache.catalina.core.StandardHost.addChild(StandardHost.java:705)
		at org.apache.catalina.startup.HostConfig.deployDirectory(HostConfig.java:1133)
		at org.apache.catalina.startup.HostConfig$DeployDirectory.run(HostConfig.java:1867)
		at java.util.concurrent.Executors$RunnableAdapter.call(Executors.java:511)
		at java.util.concurrent.FutureTask.run(FutureTask.java:266)
		at org.apache.tomcat.util.threads.InlineExecutorService.execute(InlineExecutorService.java:75)
		at java.util.concurrent.AbstractExecutorService.submit(AbstractExecutorService.java:112)
		at org.apache.catalina.startup.HostConfig.deployDirectories(HostConfig.java:1045)
		at org.apache.catalina.startup.HostConfig.deployApps(HostConfig.java:429)
		at org.apache.catalina.startup.HostConfig.start(HostConfig.java:1576)
		at org.apache.catalina.startup.HostConfig.lifecycleEvent(HostConfig.java:309)
		at org.apache.catalina.util.LifecycleBase.fireLifecycleEvent(LifecycleBase.java:123)
		at org.apache.catalina.util.LifecycleBase.setStateInternal(LifecycleBase.java:423)
		at org.apache.catalina.util.LifecycleBase.setState(LifecycleBase.java:366)
		at org.apache.catalina.core.ContainerBase.startInternal(ContainerBase.java:929)
		at org.apache.catalina.core.StandardHost.startInternal(StandardHost.java:841)
		at org.apache.catalina.util.LifecycleBase.start(LifecycleBase.java:183)
		at org.apache.catalina.core.ContainerBase$StartChild.call(ContainerBase.java:1377)
		at org.apache.catalina.core.ContainerBase$StartChild.call(ContainerBase.java:1367)
		at java.util.concurrent.FutureTask.run(FutureTask.java:266)
		at org.apache.tomcat.util.threads.InlineExecutorService.execute(InlineExecutorService.java:75)
		at java.util.concurrent.AbstractExecutorService.submit(AbstractExecutorService.java:134)
		at org.apache.catalina.core.ContainerBase.startInternal(ContainerBase.java:902)
		at org.apache.catalina.core.StandardEngine.startInternal(StandardEngine.java:262)
		at org.apache.catalina.util.LifecycleBase.start(LifecycleBase.java:183)
		at org.apache.catalina.core.StandardService.startInternal(StandardService.java:421)
		at org.apache.catalina.util.LifecycleBase.start(LifecycleBase.java:183)
		at org.apache.catalina.core.StandardServer.startInternal(StandardServer.java:932)
		at org.apache.catalina.util.LifecycleBase.start(LifecycleBase.java:183)
		at org.apache.catalina.startup.Catalina.start(Catalina.java:633)
		at sun.reflect.NativeMethodAccessorImpl.invoke0(Native Method)
		at sun.reflect.NativeMethodAccessorImpl.invoke(NativeMethodAccessorImpl.java:62)
		at sun.reflect.DelegatingMethodAccessorImpl.invoke(DelegatingMethodAccessorImpl.java:43)
		at java.lang.reflect.Method.invoke(Method.java:498)
		at org.apache.catalina.startup.Bootstrap.start(Bootstrap.java:344)
		at org.apache.catalina.startup.Bootstrap.main(Bootstrap.java:475)
26-Mar-2020 16:06:10.539 심각 [main] org.apache.tomcat.util.descriptor.web.WebXmlParser.parseWebXml 행 [640], 열 [5]에서 발생했음
26-Mar-2020 16:06:10.580 심각 [main] org.apache.catalina.startup.ContextConfig.configureStart 이전 오류(들)로 인하여, 이 애플리케이션이 가용하지 않은 것으로 표시합니다.
26-Mar-2020 16:06:10.607 심각 [main] org.apache.catalina.core.StandardContext.startInternal 하나 이상의 구성요소(들)이, 해당 컨텍스트가 올바로 설정되지 않았다고 표시했습니다.
26-Mar-2020 16:06:10.621 심각 [main] org.apache.catalina.core.StandardContext.startInternal 이전 오류들로 인해 컨텍스트 [/docs]의 시작이 실패했습니다.
26-Mar-2020 16:06:10.640 정보 [main] org.apache.catalina.startup.HostConfig.deployDirectory 웹 애플리케이션 디렉토리 [C:\java-msa\apache-tomcat-9.0.20\webapps\docs]에 대한 배치가 [337] 밀리초에 완료되었습니다.
26-Mar-2020 16:06:10.642 정보 [main] org.apache.catalina.startup.HostConfig.deployDirectory 웹 애플리케이션 디렉토리 [C:\java-msa\apache-tomcat-9.0.20\webapps\examples]을(를) 배치합니다.
26-Mar-2020 16:06:11.518 정보 [main] org.apache.catalina.startup.HostConfig.deployDirectory 웹 애플리케이션 디렉토리 [C:\java-msa\apache-tomcat-9.0.20\webapps\examples]에 대한 배치가 [877] 밀리초에 완료되었습니다.
26-Mar-2020 16:06:11.518 정보 [main] org.apache.catalina.startup.HostConfig.deployDirectory 웹 애플리케이션 디렉토리 [C:\java-msa\apache-tomcat-9.0.20\webapps\host-manager]을(를) 배치합니다.
26-Mar-2020 16:06:11.604 정보 [main] org.apache.catalina.startup.HostConfig.deployDirectory 웹 애플리케이션 디렉토리 [C:\java-msa\apache-tomcat-9.0.20\webapps\host-manager]에 대한 배치가 [85] 밀리초에 완료되었습니다.
26-Mar-2020 16:06:11.605 정보 [main] org.apache.catalina.startup.HostConfig.deployDirectory 웹 애플리케이션 디렉토리 [C:\java-msa\apache-tomcat-9.0.20\webapps\manager]을(를) 배치합니다.
26-Mar-2020 16:06:11.692 정보 [main] org.apache.catalina.startup.HostConfig.deployDirectory 웹 애플리케이션 디렉토리 [C:\java-msa\apache-tomcat-9.0.20\webapps\manager]에 대한 배치가 [87] 밀리초에 완료되었습니다.
26-Mar-2020 16:06:11.693 정보 [main] org.apache.catalina.startup.HostConfig.deployDirectory 웹 애플리케이션 디렉토리 [C:\java-msa\apache-tomcat-9.0.20\webapps\ROOT]을(를) 배치합니다.
26-Mar-2020 16:06:11.751 정보 [main] org.apache.catalina.startup.HostConfig.deployDirectory 웹 애플리케이션 디렉토리 [C:\java-msa\apache-tomcat-9.0.20\webapps\ROOT]에 대한 배치가 [58] 밀리초에 완료되었습니다.
26-Mar-2020 16:06:11.761 정보 [main] org.apache.coyote.AbstractProtocol.start 프로토콜 핸들러 ["http-nio-80"]을(를) 시작합니다.
26-Mar-2020 16:06:11.769 정보 [main] org.apache.coyote.AbstractProtocol.start 프로토콜 핸들러 ["https-openssl-nio-443"]을(를) 시작합니다.
26-Mar-2020 16:06:11.785 정보 [main] org.apache.coyote.AbstractProtocol.start 프로토콜 핸들러 ["ajp-nio-8009"]을(를) 시작합니다.
26-Mar-2020 16:06:11.800 정보 [main] org.apache.catalina.startup.Catalina.start 서버가 [1,557] 밀리초 내에 시작되었습니다.
26-Mar-2020 16:07:04.900 정보 [main] org.apache.catalina.startup.VersionLoggerListener.log 서버 버전 이름:        Apache Tomcat/9.0.20
26-Mar-2020 16:07:04.909 정보 [main] org.apache.catalina.startup.VersionLoggerListener.log Server 빌드 시각:          May 3 2019 22:26:00 UTC
26-Mar-2020 16:07:04.914 정보 [main] org.apache.catalina.startup.VersionLoggerListener.log Server 버전 번호:         9.0.20.0
26-Mar-2020 16:07:04.914 정보 [main] org.apache.catalina.startup.VersionLoggerListener.log 운영체제 이름:               Windows 10
26-Mar-2020 16:07:04.915 정보 [main] org.apache.catalina.startup.VersionLoggerListener.log 운영체제 버전:            10.0
26-Mar-2020 16:07:04.915 정보 [main] org.apache.catalina.startup.VersionLoggerListener.log 아키텍처:          amd64
26-Mar-2020 16:07:04.916 정보 [main] org.apache.catalina.startup.VersionLoggerListener.log 자바 홈:             C:\java-msa\jdk1.8.0_111\jre
26-Mar-2020 16:07:04.916 정보 [main] org.apache.catalina.startup.VersionLoggerListener.log JVM 버전:           1.8.0_111-b14
26-Mar-2020 16:07:04.917 정보 [main] org.apache.catalina.startup.VersionLoggerListener.log JVM 벤더:            Oracle Corporation
26-Mar-2020 16:07:04.917 정보 [main] org.apache.catalina.startup.VersionLoggerListener.log CATALINA_BASE:         C:\java-msa\apache-tomcat-9.0.20
26-Mar-2020 16:07:04.919 정보 [main] org.apache.catalina.startup.VersionLoggerListener.log CATALINA_HOME:         C:\java-msa\apache-tomcat-9.0.20
26-Mar-2020 16:07:04.921 정보 [main] org.apache.catalina.startup.VersionLoggerListener.log 명령 행 아규먼트: -Djava.util.logging.config.file=C:\java-msa\apache-tomcat-9.0.20\conf\logging.properties
26-Mar-2020 16:07:04.965 정보 [main] org.apache.catalina.startup.VersionLoggerListener.log 명령 행 아규먼트: -Djava.util.logging.manager=org.apache.juli.ClassLoaderLogManager
26-Mar-2020 16:07:04.965 정보 [main] org.apache.catalina.startup.VersionLoggerListener.log 명령 행 아규먼트: -Djdk.tls.ephemeralDHKeySize=2048
26-Mar-2020 16:07:04.971 정보 [main] org.apache.catalina.startup.VersionLoggerListener.log 명령 행 아규먼트: -Djava.protocol.handler.pkgs=org.apache.catalina.webresources
26-Mar-2020 16:07:04.975 정보 [main] org.apache.catalina.startup.VersionLoggerListener.log 명령 행 아규먼트: -Dignore.endorsed.dirs=
26-Mar-2020 16:07:04.988 정보 [main] org.apache.catalina.startup.VersionLoggerListener.log 명령 행 아규먼트: -Dcatalina.base=C:\java-msa\apache-tomcat-9.0.20
26-Mar-2020 16:07:04.989 정보 [main] org.apache.catalina.startup.VersionLoggerListener.log 명령 행 아규먼트: -Dcatalina.home=C:\java-msa\apache-tomcat-9.0.20
26-Mar-2020 16:07:04.992 정보 [main] org.apache.catalina.startup.VersionLoggerListener.log 명령 행 아규먼트: -Djava.io.tmpdir=C:\java-msa\apache-tomcat-9.0.20\temp
26-Mar-2020 16:07:04.993 정보 [main] org.apache.catalina.core.AprLifecycleListener.lifecycleEvent APR 버전 [1.6.5]을(를) 사용한, APR 기반 Apache Tomcat Native 라이브러리 [1.2.21]을(를) 로드했습니다.
26-Mar-2020 16:07:04.993 정보 [main] org.apache.catalina.core.AprLifecycleListener.lifecycleEvent APR 용량정보들: IPv6 [true], sendfile [true], accept filters [false], random [true].
26-Mar-2020 16:07:04.994 정보 [main] org.apache.catalina.core.AprLifecycleListener.lifecycleEvent APR/OpenSSL 설정: useAprConnector [false], useOpenSSL [true]
26-Mar-2020 16:07:05.013 정보 [main] org.apache.catalina.core.AprLifecycleListener.initializeSSL OpenSSL이 성공적으로 초기화되었습니다: [OpenSSL 1.1.1a  20 Nov 2018]
26-Mar-2020 16:07:05.547 정보 [main] org.apache.coyote.AbstractProtocol.init 프로토콜 핸들러 ["http-nio-80"]을(를) 초기화합니다.
26-Mar-2020 16:07:05.760 정보 [main] org.apache.coyote.AbstractProtocol.init 프로토콜 핸들러 ["https-openssl-nio-443"]을(를) 초기화합니다.
26-Mar-2020 16:07:05.845 정보 [main] org.apache.coyote.AbstractProtocol.init 프로토콜 핸들러 ["ajp-nio-8009"]을(를) 초기화합니다.
26-Mar-2020 16:07:05.855 정보 [main] org.apache.catalina.startup.Catalina.load [1,344] 밀리초 내에 서버가 초기화되었습니다.
26-Mar-2020 16:07:05.894 정보 [main] org.apache.catalina.core.StandardService.startInternal 서비스 [Catalina]을(를) 시작합니다.
26-Mar-2020 16:07:05.894 정보 [main] org.apache.catalina.core.StandardEngine.startInternal 서버 엔진을 시작합니다: [Apache Tomcat/9.0.20]
26-Mar-2020 16:07:05.935 정보 [main] org.apache.catalina.startup.HostConfig.deployDirectory 웹 애플리케이션 디렉토리 [C:\java-msa\apache-tomcat-9.0.20\webapps\docs]을(를) 배치합니다.
26-Mar-2020 16:07:06.400 정보 [main] org.apache.catalina.startup.HostConfig.deployDirectory 웹 애플리케이션 디렉토리 [C:\java-msa\apache-tomcat-9.0.20\webapps\docs]에 대한 배치가 [464] 밀리초에 완료되었습니다.
26-Mar-2020 16:07:06.401 정보 [main] org.apache.catalina.startup.HostConfig.deployDirectory 웹 애플리케이션 디렉토리 [C:\java-msa\apache-tomcat-9.0.20\webapps\examples]을(를) 배치합니다.
26-Mar-2020 16:07:07.171 정보 [main] org.apache.catalina.startup.HostConfig.deployDirectory 웹 애플리케이션 디렉토리 [C:\java-msa\apache-tomcat-9.0.20\webapps\examples]에 대한 배치가 [770] 밀리초에 완료되었습니다.
26-Mar-2020 16:07:07.177 정보 [main] org.apache.catalina.startup.HostConfig.deployDirectory 웹 애플리케이션 디렉토리 [C:\java-msa\apache-tomcat-9.0.20\webapps\host-manager]을(를) 배치합니다.
26-Mar-2020 16:07:07.252 정보 [main] org.apache.catalina.startup.HostConfig.deployDirectory 웹 애플리케이션 디렉토리 [C:\java-msa\apache-tomcat-9.0.20\webapps\host-manager]에 대한 배치가 [74] 밀리초에 완료되었습니다.
26-Mar-2020 16:07:07.253 정보 [main] org.apache.catalina.startup.HostConfig.deployDirectory 웹 애플리케이션 디렉토리 [C:\java-msa\apache-tomcat-9.0.20\webapps\manager]을(를) 배치합니다.
26-Mar-2020 16:07:07.325 정보 [main] org.apache.catalina.startup.HostConfig.deployDirectory 웹 애플리케이션 디렉토리 [C:\java-msa\apache-tomcat-9.0.20\webapps\manager]에 대한 배치가 [73] 밀리초에 완료되었습니다.
26-Mar-2020 16:07:07.326 정보 [main] org.apache.catalina.startup.HostConfig.deployDirectory 웹 애플리케이션 디렉토리 [C:\java-msa\apache-tomcat-9.0.20\webapps\ROOT]을(를) 배치합니다.
26-Mar-2020 16:07:07.392 정보 [main] org.apache.catalina.startup.HostConfig.deployDirectory 웹 애플리케이션 디렉토리 [C:\java-msa\apache-tomcat-9.0.20\webapps\ROOT]에 대한 배치가 [66] 밀리초에 완료되었습니다.
26-Mar-2020 16:07:07.405 정보 [main] org.apache.coyote.AbstractProtocol.start 프로토콜 핸들러 ["http-nio-80"]을(를) 시작합니다.
26-Mar-2020 16:07:07.422 정보 [main] org.apache.coyote.AbstractProtocol.start 프로토콜 핸들러 ["https-openssl-nio-443"]을(를) 시작합니다.
26-Mar-2020 16:07:07.428 정보 [main] org.apache.coyote.AbstractProtocol.start 프로토콜 핸들러 ["ajp-nio-8009"]을(를) 시작합니다.
26-Mar-2020 16:07:07.432 정보 [main] org.apache.catalina.startup.Catalina.start 서버가 [1,574] 밀리초 내에 시작되었습니다.
26-Mar-2020 17:20:50.074 정보 [main] org.apache.catalina.startup.VersionLoggerListener.log 서버 버전 이름:        Apache Tomcat/9.0.20
26-Mar-2020 17:20:50.079 정보 [main] org.apache.catalina.startup.VersionLoggerListener.log Server 빌드 시각:          May 3 2019 22:26:00 UTC
26-Mar-2020 17:20:50.082 정보 [main] org.apache.catalina.startup.VersionLoggerListener.log Server 버전 번호:         9.0.20.0
26-Mar-2020 17:20:50.083 정보 [main] org.apache.catalina.startup.VersionLoggerListener.log 운영체제 이름:               Windows 10
26-Mar-2020 17:20:50.083 정보 [main] org.apache.catalina.startup.VersionLoggerListener.log 운영체제 버전:            10.0
26-Mar-2020 17:20:50.084 정보 [main] org.apache.catalina.startup.VersionLoggerListener.log 아키텍처:          amd64
26-Mar-2020 17:20:50.084 정보 [main] org.apache.catalina.startup.VersionLoggerListener.log 자바 홈:             C:\java-msa\jdk1.8.0_111\jre
26-Mar-2020 17:20:50.084 정보 [main] org.apache.catalina.startup.VersionLoggerListener.log JVM 버전:           1.8.0_111-b14
26-Mar-2020 17:20:50.084 정보 [main] org.apache.catalina.startup.VersionLoggerListener.log JVM 벤더:            Oracle Corporation
26-Mar-2020 17:20:50.085 정보 [main] org.apache.catalina.startup.VersionLoggerListener.log CATALINA_BASE:         C:\java-msa\apache-tomcat-9.0.20
26-Mar-2020 17:20:50.085 정보 [main] org.apache.catalina.startup.VersionLoggerListener.log CATALINA_HOME:         C:\java-msa\apache-tomcat-9.0.20
26-Mar-2020 17:20:50.086 정보 [main] org.apache.catalina.startup.VersionLoggerListener.log 명령 행 아규먼트: -Djava.util.logging.config.file=C:\java-msa\apache-tomcat-9.0.20\conf\logging.properties
26-Mar-2020 17:20:50.087 정보 [main] org.apache.catalina.startup.VersionLoggerListener.log 명령 행 아규먼트: -Djava.util.logging.manager=org.apache.juli.ClassLoaderLogManager
26-Mar-2020 17:20:50.087 정보 [main] org.apache.catalina.startup.VersionLoggerListener.log 명령 행 아규먼트: -Djdk.tls.ephemeralDHKeySize=2048
26-Mar-2020 17:20:50.095 정보 [main] org.apache.catalina.startup.VersionLoggerListener.log 명령 행 아규먼트: -Djava.protocol.handler.pkgs=org.apache.catalina.webresources
26-Mar-2020 17:20:50.130 정보 [main] org.apache.catalina.startup.VersionLoggerListener.log 명령 행 아규먼트: -Dignore.endorsed.dirs=
26-Mar-2020 17:20:50.130 정보 [main] org.apache.catalina.startup.VersionLoggerListener.log 명령 행 아규먼트: -Dcatalina.base=C:\java-msa\apache-tomcat-9.0.20
26-Mar-2020 17:20:50.135 정보 [main] org.apache.catalina.startup.VersionLoggerListener.log 명령 행 아규먼트: -Dcatalina.home=C:\java-msa\apache-tomcat-9.0.20
26-Mar-2020 17:20:50.136 정보 [main] org.apache.catalina.startup.VersionLoggerListener.log 명령 행 아규먼트: -Djava.io.tmpdir=C:\java-msa\apache-tomcat-9.0.20\temp
26-Mar-2020 17:20:50.137 정보 [main] org.apache.catalina.core.AprLifecycleListener.lifecycleEvent APR 버전 [1.6.5]을(를) 사용한, APR 기반 Apache Tomcat Native 라이브러리 [1.2.21]을(를) 로드했습니다.
26-Mar-2020 17:20:50.138 정보 [main] org.apache.catalina.core.AprLifecycleListener.lifecycleEvent APR 용량정보들: IPv6 [true], sendfile [true], accept filters [false], random [true].
26-Mar-2020 17:20:50.159 정보 [main] org.apache.catalina.core.AprLifecycleListener.lifecycleEvent APR/OpenSSL 설정: useAprConnector [false], useOpenSSL [true]
26-Mar-2020 17:20:50.167 정보 [main] org.apache.catalina.core.AprLifecycleListener.initializeSSL OpenSSL이 성공적으로 초기화되었습니다: [OpenSSL 1.1.1a  20 Nov 2018]
26-Mar-2020 17:20:50.659 정보 [main] org.apache.coyote.AbstractProtocol.init 프로토콜 핸들러 ["http-nio-8080"]을(를) 초기화합니다.
26-Mar-2020 17:20:50.857 정보 [main] org.apache.coyote.AbstractProtocol.init 프로토콜 핸들러 ["https-openssl-nio-443"]을(를) 초기화합니다.
26-Mar-2020 17:20:50.970 정보 [main] org.apache.coyote.AbstractProtocol.init 프로토콜 핸들러 ["ajp-nio-8009"]을(를) 초기화합니다.
26-Mar-2020 17:20:50.979 정보 [main] org.apache.catalina.startup.Catalina.load [1,281] 밀리초 내에 서버가 초기화되었습니다.
26-Mar-2020 17:20:51.044 정보 [main] org.apache.catalina.core.StandardService.startInternal 서비스 [Catalina]을(를) 시작합니다.
26-Mar-2020 17:20:51.045 정보 [main] org.apache.catalina.core.StandardEngine.startInternal 서버 엔진을 시작합니다: [Apache Tomcat/9.0.20]
26-Mar-2020 17:20:51.069 정보 [main] org.apache.catalina.startup.HostConfig.deployDirectory 웹 애플리케이션 디렉토리 [C:\java-msa\apache-tomcat-9.0.20\webapps\docs]을(를) 배치합니다.
26-Mar-2020 17:20:51.510 정보 [main] org.apache.catalina.startup.HostConfig.deployDirectory 웹 애플리케이션 디렉토리 [C:\java-msa\apache-tomcat-9.0.20\webapps\docs]에 대한 배치가 [441] 밀리초에 완료되었습니다.
26-Mar-2020 17:20:51.510 정보 [main] org.apache.catalina.startup.HostConfig.deployDirectory 웹 애플리케이션 디렉토리 [C:\java-msa\apache-tomcat-9.0.20\webapps\examples]을(를) 배치합니다.
26-Mar-2020 17:20:52.293 정보 [main] org.apache.catalina.startup.HostConfig.deployDirectory 웹 애플리케이션 디렉토리 [C:\java-msa\apache-tomcat-9.0.20\webapps\examples]에 대한 배치가 [783] 밀리초에 완료되었습니다.
26-Mar-2020 17:20:52.294 정보 [main] org.apache.catalina.startup.HostConfig.deployDirectory 웹 애플리케이션 디렉토리 [C:\java-msa\apache-tomcat-9.0.20\webapps\host-manager]을(를) 배치합니다.
26-Mar-2020 17:20:52.358 정보 [main] org.apache.catalina.startup.HostConfig.deployDirectory 웹 애플리케이션 디렉토리 [C:\java-msa\apache-tomcat-9.0.20\webapps\host-manager]에 대한 배치가 [64] 밀리초에 완료되었습니다.
26-Mar-2020 17:20:52.359 정보 [main] org.apache.catalina.startup.HostConfig.deployDirectory 웹 애플리케이션 디렉토리 [C:\java-msa\apache-tomcat-9.0.20\webapps\manager]을(를) 배치합니다.
26-Mar-2020 17:20:52.418 정보 [main] org.apache.catalina.startup.HostConfig.deployDirectory 웹 애플리케이션 디렉토리 [C:\java-msa\apache-tomcat-9.0.20\webapps\manager]에 대한 배치가 [59] 밀리초에 완료되었습니다.
26-Mar-2020 17:20:52.419 정보 [main] org.apache.catalina.startup.HostConfig.deployDirectory 웹 애플리케이션 디렉토리 [C:\java-msa\apache-tomcat-9.0.20\webapps\ROOT]을(를) 배치합니다.
26-Mar-2020 17:20:52.485 정보 [main] org.apache.catalina.startup.HostConfig.deployDirectory 웹 애플리케이션 디렉토리 [C:\java-msa\apache-tomcat-9.0.20\webapps\ROOT]에 대한 배치가 [66] 밀리초에 완료되었습니다.
26-Mar-2020 17:20:52.491 정보 [main] org.apache.coyote.AbstractProtocol.start 프로토콜 핸들러 ["http-nio-8080"]을(를) 시작합니다.
26-Mar-2020 17:20:52.507 정보 [main] org.apache.coyote.AbstractProtocol.start 프로토콜 핸들러 ["https-openssl-nio-443"]을(를) 시작합니다.
26-Mar-2020 17:20:52.516 정보 [main] org.apache.coyote.AbstractProtocol.start 프로토콜 핸들러 ["ajp-nio-8009"]을(를) 시작합니다.
26-Mar-2020 17:20:52.519 정보 [main] org.apache.catalina.startup.Catalina.start 서버가 [1,539] 밀리초 내에 시작되었습니다.
26-Mar-2020 17:51:37.583 정보 [main] org.apache.catalina.startup.VersionLoggerListener.log 서버 버전 이름:        Apache Tomcat/9.0.20
26-Mar-2020 17:51:37.661 정보 [main] org.apache.catalina.startup.VersionLoggerListener.log Server 빌드 시각:          May 3 2019 22:26:00 UTC
26-Mar-2020 17:51:37.661 정보 [main] org.apache.catalina.startup.VersionLoggerListener.log Server 버전 번호:         9.0.20.0
26-Mar-2020 17:51:37.661 정보 [main] org.apache.catalina.startup.VersionLoggerListener.log 운영체제 이름:               Windows 10
26-Mar-2020 17:51:37.661 정보 [main] org.apache.catalina.startup.VersionLoggerListener.log 운영체제 버전:            10.0
26-Mar-2020 17:51:37.661 정보 [main] org.apache.catalina.startup.VersionLoggerListener.log 아키텍처:          amd64
26-Mar-2020 17:51:37.661 정보 [main] org.apache.catalina.startup.VersionLoggerListener.log 자바 홈:             C:\java-msa\jdk1.8.0_111\jre
26-Mar-2020 17:51:37.661 정보 [main] org.apache.catalina.startup.VersionLoggerListener.log JVM 버전:           1.8.0_111-b14
26-Mar-2020 17:51:37.661 정보 [main] org.apache.catalina.startup.VersionLoggerListener.log JVM 벤더:            Oracle Corporation
26-Mar-2020 17:51:37.661 정보 [main] org.apache.catalina.startup.VersionLoggerListener.log CATALINA_BASE:         C:\java-msa\apache-tomcat-9.0.20
26-Mar-2020 17:51:37.661 정보 [main] org.apache.catalina.startup.VersionLoggerListener.log CATALINA_HOME:         C:\java-msa\apache-tomcat-9.0.20
26-Mar-2020 17:51:37.692 정보 [main] org.apache.catalina.startup.VersionLoggerListener.log 명령 행 아규먼트: -Djava.util.logging.config.file=C:\java-msa\apache-tomcat-9.0.20\conf\logging.properties
26-Mar-2020 17:51:37.692 정보 [main] org.apache.catalina.startup.VersionLoggerListener.log 명령 행 아규먼트: -Djava.util.logging.manager=org.apache.juli.ClassLoaderLogManager
26-Mar-2020 17:51:37.692 정보 [main] org.apache.catalina.startup.VersionLoggerListener.log 명령 행 아규먼트: -Djdk.tls.ephemeralDHKeySize=2048
26-Mar-2020 17:51:37.692 정보 [main] org.apache.catalina.startup.VersionLoggerListener.log 명령 행 아규먼트: -Djava.protocol.handler.pkgs=org.apache.catalina.webresources
26-Mar-2020 17:51:37.692 정보 [main] org.apache.catalina.startup.VersionLoggerListener.log 명령 행 아규먼트: -Dignore.endorsed.dirs=
26-Mar-2020 17:51:37.692 정보 [main] org.apache.catalina.startup.VersionLoggerListener.log 명령 행 아규먼트: -Dcatalina.base=C:\java-msa\apache-tomcat-9.0.20
26-Mar-2020 17:51:37.692 정보 [main] org.apache.catalina.startup.VersionLoggerListener.log 명령 행 아규먼트: -Dcatalina.home=C:\java-msa\apache-tomcat-9.0.20
26-Mar-2020 17:51:37.692 정보 [main] org.apache.catalina.startup.VersionLoggerListener.log 명령 행 아규먼트: -Djava.io.tmpdir=C:\java-msa\apache-tomcat-9.0.20\temp
26-Mar-2020 17:51:37.692 정보 [main] org.apache.catalina.core.AprLifecycleListener.lifecycleEvent APR 버전 [1.6.5]을(를) 사용한, APR 기반 Apache Tomcat Native 라이브러리 [1.2.21]을(를) 로드했습니다.
26-Mar-2020 17:51:37.692 정보 [main] org.apache.catalina.core.AprLifecycleListener.lifecycleEvent APR 용량정보들: IPv6 [true], sendfile [true], accept filters [false], random [true].
26-Mar-2020 17:51:37.692 정보 [main] org.apache.catalina.core.AprLifecycleListener.lifecycleEvent APR/OpenSSL 설정: useAprConnector [false], useOpenSSL [true]
26-Mar-2020 17:51:37.708 정보 [main] org.apache.catalina.core.AprLifecycleListener.initializeSSL OpenSSL이 성공적으로 초기화되었습니다: [OpenSSL 1.1.1a  20 Nov 2018]
26-Mar-2020 17:51:38.615 정보 [main] org.apache.coyote.AbstractProtocol.init 프로토콜 핸들러 ["http-nio-8080"]을(를) 초기화합니다.
26-Mar-2020 17:51:38.833 심각 [main] org.apache.catalina.util.LifecycleBase.handleSubClassException 구성요소 [Connector[HTTP/1.1-8080]]을(를) 초기화하지 못했습니다.
	org.apache.catalina.LifecycleException: 프로토콜 핸들러 초기화가 실패했습니다.
		at org.apache.catalina.connector.Connector.initInternal(Connector.java:983)
		at org.apache.catalina.util.LifecycleBase.init(LifecycleBase.java:136)
		at org.apache.catalina.core.StandardService.initInternal(StandardService.java:533)
		at org.apache.catalina.util.LifecycleBase.init(LifecycleBase.java:136)
		at org.apache.catalina.core.StandardServer.initInternal(StandardServer.java:1059)
		at org.apache.catalina.util.LifecycleBase.init(LifecycleBase.java:136)
		at org.apache.catalina.startup.Catalina.load(Catalina.java:584)
		at org.apache.catalina.startup.Catalina.load(Catalina.java:607)
		at sun.reflect.NativeMethodAccessorImpl.invoke0(Native Method)
		at sun.reflect.NativeMethodAccessorImpl.invoke(NativeMethodAccessorImpl.java:62)
		at sun.reflect.DelegatingMethodAccessorImpl.invoke(DelegatingMethodAccessorImpl.java:43)
		at java.lang.reflect.Method.invoke(Method.java:498)
		at org.apache.catalina.startup.Bootstrap.load(Bootstrap.java:304)
		at org.apache.catalina.startup.Bootstrap.main(Bootstrap.java:474)
	Caused by: java.net.BindException: Address already in use: bind
		at sun.nio.ch.Net.bind0(Native Method)
		at sun.nio.ch.Net.bind(Net.java:433)
		at sun.nio.ch.Net.bind(Net.java:425)
		at sun.nio.ch.ServerSocketChannelImpl.bind(ServerSocketChannelImpl.java:223)
		at sun.nio.ch.ServerSocketAdaptor.bind(ServerSocketAdaptor.java:74)
		at org.apache.tomcat.util.net.NioEndpoint.initServerSocket(NioEndpoint.java:248)
		at org.apache.tomcat.util.net.NioEndpoint.bind(NioEndpoint.java:222)
		at org.apache.tomcat.util.net.AbstractEndpoint.bindWithCleanup(AbstractEndpoint.java:1119)
		at org.apache.tomcat.util.net.AbstractEndpoint.init(AbstractEndpoint.java:1132)
		at org.apache.coyote.AbstractProtocol.init(AbstractProtocol.java:557)
		at org.apache.coyote.http11.AbstractHttp11Protocol.init(AbstractHttp11Protocol.java:74)
		at org.apache.catalina.connector.Connector.initInternal(Connector.java:980)
		... 13 more
26-Mar-2020 17:51:38.848 정보 [main] org.apache.coyote.AbstractProtocol.init 프로토콜 핸들러 ["https-openssl-nio-443"]을(를) 초기화합니다.
26-Mar-2020 17:51:38.864 심각 [main] org.apache.catalina.util.LifecycleBase.handleSubClassException 구성요소 [Connector[HTTP/1.1-443]]을(를) 초기화하지 못했습니다.
	org.apache.catalina.LifecycleException: 프로토콜 핸들러 초기화가 실패했습니다.
		at org.apache.catalina.connector.Connector.initInternal(Connector.java:983)
		at org.apache.catalina.util.LifecycleBase.init(LifecycleBase.java:136)
		at org.apache.catalina.core.StandardService.initInternal(StandardService.java:533)
		at org.apache.catalina.util.LifecycleBase.init(LifecycleBase.java:136)
		at org.apache.catalina.core.StandardServer.initInternal(StandardServer.java:1059)
		at org.apache.catalina.util.LifecycleBase.init(LifecycleBase.java:136)
		at org.apache.catalina.startup.Catalina.load(Catalina.java:584)
		at org.apache.catalina.startup.Catalina.load(Catalina.java:607)
		at sun.reflect.NativeMethodAccessorImpl.invoke0(Native Method)
		at sun.reflect.NativeMethodAccessorImpl.invoke(NativeMethodAccessorImpl.java:62)
		at sun.reflect.DelegatingMethodAccessorImpl.invoke(DelegatingMethodAccessorImpl.java:43)
		at java.lang.reflect.Method.invoke(Method.java:498)
		at org.apache.catalina.startup.Bootstrap.load(Bootstrap.java:304)
		at org.apache.catalina.startup.Bootstrap.main(Bootstrap.java:474)
	Caused by: java.net.BindException: Address already in use: bind
		at sun.nio.ch.Net.bind0(Native Method)
		at sun.nio.ch.Net.bind(Net.java:433)
		at sun.nio.ch.Net.bind(Net.java:425)
		at sun.nio.ch.ServerSocketChannelImpl.bind(ServerSocketChannelImpl.java:223)
		at sun.nio.ch.ServerSocketAdaptor.bind(ServerSocketAdaptor.java:74)
		at org.apache.tomcat.util.net.NioEndpoint.initServerSocket(NioEndpoint.java:248)
		at org.apache.tomcat.util.net.NioEndpoint.bind(NioEndpoint.java:222)
		at org.apache.tomcat.util.net.AbstractEndpoint.bindWithCleanup(AbstractEndpoint.java:1119)
		at org.apache.tomcat.util.net.AbstractEndpoint.init(AbstractEndpoint.java:1132)
		at org.apache.coyote.AbstractProtocol.init(AbstractProtocol.java:557)
		at org.apache.coyote.http11.AbstractHttp11Protocol.init(AbstractHttp11Protocol.java:74)
		at org.apache.catalina.connector.Connector.initInternal(Connector.java:980)
		... 13 more
26-Mar-2020 17:51:38.864 정보 [main] org.apache.coyote.AbstractProtocol.init 프로토콜 핸들러 ["ajp-nio-8009"]을(를) 초기화합니다.
26-Mar-2020 17:51:38.864 심각 [main] org.apache.catalina.util.LifecycleBase.handleSubClassException 구성요소 [Connector[AJP/1.3-8009]]을(를) 초기화하지 못했습니다.
	org.apache.catalina.LifecycleException: 프로토콜 핸들러 초기화가 실패했습니다.
		at org.apache.catalina.connector.Connector.initInternal(Connector.java:983)
		at org.apache.catalina.util.LifecycleBase.init(LifecycleBase.java:136)
		at org.apache.catalina.core.StandardService.initInternal(StandardService.java:533)
		at org.apache.catalina.util.LifecycleBase.init(LifecycleBase.java:136)
		at org.apache.catalina.core.StandardServer.initInternal(StandardServer.java:1059)
		at org.apache.catalina.util.LifecycleBase.init(LifecycleBase.java:136)
		at org.apache.catalina.startup.Catalina.load(Catalina.java:584)
		at org.apache.catalina.startup.Catalina.load(Catalina.java:607)
		at sun.reflect.NativeMethodAccessorImpl.invoke0(Native Method)
		at sun.reflect.NativeMethodAccessorImpl.invoke(NativeMethodAccessorImpl.java:62)
		at sun.reflect.DelegatingMethodAccessorImpl.invoke(DelegatingMethodAccessorImpl.java:43)
		at java.lang.reflect.Method.invoke(Method.java:498)
		at org.apache.catalina.startup.Bootstrap.load(Bootstrap.java:304)
		at org.apache.catalina.startup.Bootstrap.main(Bootstrap.java:474)
	Caused by: java.net.BindException: Address already in use: bind
		at sun.nio.ch.Net.bind0(Native Method)
		at sun.nio.ch.Net.bind(Net.java:433)
		at sun.nio.ch.Net.bind(Net.java:425)
		at sun.nio.ch.ServerSocketChannelImpl.bind(ServerSocketChannelImpl.java:223)
		at sun.nio.ch.ServerSocketAdaptor.bind(ServerSocketAdaptor.java:74)
		at org.apache.tomcat.util.net.NioEndpoint.initServerSocket(NioEndpoint.java:248)
		at org.apache.tomcat.util.net.NioEndpoint.bind(NioEndpoint.java:222)
		at org.apache.tomcat.util.net.AbstractEndpoint.bindWithCleanup(AbstractEndpoint.java:1119)
		at org.apache.tomcat.util.net.AbstractEndpoint.init(AbstractEndpoint.java:1132)
		at org.apache.coyote.AbstractProtocol.init(AbstractProtocol.java:557)
		at org.apache.catalina.connector.Connector.initInternal(Connector.java:980)
		... 13 more
26-Mar-2020 17:51:38.864 정보 [main] org.apache.catalina.startup.Catalina.load [1,755] 밀리초 내에 서버가 초기화되었습니다.
26-Mar-2020 17:51:38.959 정보 [main] org.apache.catalina.core.StandardService.startInternal 서비스 [Catalina]을(를) 시작합니다.
26-Mar-2020 17:51:38.959 정보 [main] org.apache.catalina.core.StandardEngine.startInternal 서버 엔진을 시작합니다: [Apache Tomcat/9.0.20]
26-Mar-2020 17:51:38.989 정보 [main] org.apache.catalina.startup.HostConfig.deployDirectory 웹 애플리케이션 디렉토리 [C:\java-msa\apache-tomcat-9.0.20\webapps\docs]을(를) 배치합니다.
26-Mar-2020 17:51:39.442 정보 [main] org.apache.catalina.startup.HostConfig.deployDirectory 웹 애플리케이션 디렉토리 [C:\java-msa\apache-tomcat-9.0.20\webapps\docs]에 대한 배치가 [453] 밀리초에 완료되었습니다.
26-Mar-2020 17:51:39.442 정보 [main] org.apache.catalina.startup.HostConfig.deployDirectory 웹 애플리케이션 디렉토리 [C:\java-msa\apache-tomcat-9.0.20\webapps\examples]을(를) 배치합니다.
26-Mar-2020 17:51:40.520 정보 [main] org.apache.catalina.startup.HostConfig.deployDirectory 웹 애플리케이션 디렉토리 [C:\java-msa\apache-tomcat-9.0.20\webapps\examples]에 대한 배치가 [1,078] 밀리초에 완료되었습니다.
26-Mar-2020 17:51:40.520 정보 [main] org.apache.catalina.startup.HostConfig.deployDirectory 웹 애플리케이션 디렉토리 [C:\java-msa\apache-tomcat-9.0.20\webapps\host-manager]을(를) 배치합니다.
26-Mar-2020 17:51:40.598 정보 [main] org.apache.catalina.startup.HostConfig.deployDirectory 웹 애플리케이션 디렉토리 [C:\java-msa\apache-tomcat-9.0.20\webapps\host-manager]에 대한 배치가 [78] 밀리초에 완료되었습니다.
26-Mar-2020 17:51:40.598 정보 [main] org.apache.catalina.startup.HostConfig.deployDirectory 웹 애플리케이션 디렉토리 [C:\java-msa\apache-tomcat-9.0.20\webapps\manager]을(를) 배치합니다.
26-Mar-2020 17:51:40.692 정보 [main] org.apache.catalina.startup.HostConfig.deployDirectory 웹 애플리케이션 디렉토리 [C:\java-msa\apache-tomcat-9.0.20\webapps\manager]에 대한 배치가 [94] 밀리초에 완료되었습니다.
26-Mar-2020 17:51:40.692 정보 [main] org.apache.catalina.startup.HostConfig.deployDirectory 웹 애플리케이션 디렉토리 [C:\java-msa\apache-tomcat-9.0.20\webapps\ROOT]을(를) 배치합니다.
26-Mar-2020 17:51:40.757 정보 [main] org.apache.catalina.startup.HostConfig.deployDirectory 웹 애플리케이션 디렉토리 [C:\java-msa\apache-tomcat-9.0.20\webapps\ROOT]에 대한 배치가 [65] 밀리초에 완료되었습니다.
26-Mar-2020 17:51:40.770 정보 [main] org.apache.catalina.startup.Catalina.start 서버가 [1,893] 밀리초 내에 시작되었습니다.
26-Mar-2020 17:51:40.786 심각 [main] org.apache.catalina.core.StandardServer.await 주소 [localhost]와(과) 포트 [8005]에, 서버 셧다운 소켓을 생성하지 못했습니다. (base 포트 [8005], offset [0])
	java.net.BindException: Address already in use: JVM_Bind
		at java.net.DualStackPlainSocketImpl.bind0(Native Method)
		at java.net.DualStackPlainSocketImpl.socketBind(DualStackPlainSocketImpl.java:106)
		at java.net.AbstractPlainSocketImpl.bind(AbstractPlainSocketImpl.java:387)
		at java.net.PlainSocketImpl.bind(PlainSocketImpl.java:190)
		at java.net.ServerSocket.bind(ServerSocket.java:375)
		at java.net.ServerSocket.<init>(ServerSocket.java:237)
		at org.apache.catalina.core.StandardServer.await(StandardServer.java:584)
		at org.apache.catalina.startup.Catalina.await(Catalina.java:721)
		at org.apache.catalina.startup.Catalina.start(Catalina.java:667)
		at sun.reflect.NativeMethodAccessorImpl.invoke0(Native Method)
		at sun.reflect.NativeMethodAccessorImpl.invoke(NativeMethodAccessorImpl.java:62)
		at sun.reflect.DelegatingMethodAccessorImpl.invoke(DelegatingMethodAccessorImpl.java:43)
		at java.lang.reflect.Method.invoke(Method.java:498)
		at org.apache.catalina.startup.Bootstrap.start(Bootstrap.java:344)
		at org.apache.catalina.startup.Bootstrap.main(Bootstrap.java:475)
26-Mar-2020 17:51:40.786 정보 [main] org.apache.coyote.AbstractProtocol.pause 프로토콜 핸들러 ["http-nio-8080"]을(를) 일시 정지 중
26-Mar-2020 17:51:40.786 정보 [main] org.apache.coyote.AbstractProtocol.pause 프로토콜 핸들러 ["https-openssl-nio-443"]을(를) 일시 정지 중
26-Mar-2020 17:51:40.802 정보 [main] org.apache.coyote.AbstractProtocol.pause 프로토콜 핸들러 ["ajp-nio-8009"]을(를) 일시 정지 중
26-Mar-2020 17:51:40.802 정보 [main] org.apache.catalina.core.StandardService.stopInternal 서비스 [Catalina]을(를) 중지시킵니다.
26-Mar-2020 17:51:40.833 정보 [main] org.apache.coyote.AbstractProtocol.stop 프로토콜 핸들러 ["http-nio-8080"]을(를) 중지시킵니다.
26-Mar-2020 17:51:40.848 정보 [main] org.apache.coyote.AbstractProtocol.destroy 프로토콜 핸들러 ["http-nio-8080"]을(를) 소멸시킵니다.
26-Mar-2020 17:51:40.848 정보 [main] org.apache.coyote.AbstractProtocol.stop 프로토콜 핸들러 ["https-openssl-nio-443"]을(를) 중지시킵니다.
26-Mar-2020 17:51:40.848 정보 [main] org.apache.coyote.AbstractProtocol.destroy 프로토콜 핸들러 ["https-openssl-nio-443"]을(를) 소멸시킵니다.
26-Mar-2020 17:51:40.864 정보 [main] org.apache.coyote.AbstractProtocol.stop 프로토콜 핸들러 ["ajp-nio-8009"]을(를) 중지시킵니다.
26-Mar-2020 17:51:40.864 정보 [main] org.apache.coyote.AbstractProtocol.destroy 프로토콜 핸들러 ["ajp-nio-8009"]을(를) 소멸시킵니다.
