26-Mar-2020 15:55:29.354 정보 [main] org.apache.catalina.core.ApplicationContext.log ContextListener: contextInitialized()
26-Mar-2020 15:55:29.354 정보 [main] org.apache.catalina.core.ApplicationContext.log SessionListener: contextInitialized()
26-Mar-2020 15:55:29.354 정보 [main] org.apache.catalina.core.ApplicationContext.log ContextListener: attributeAdded('StockTicker', 'async.Stockticker@e15b7e8')
26-Mar-2020 15:56:59.115 정보 [main] org.apache.catalina.core.ApplicationContext.log ContextListener: contextInitialized()
26-Mar-2020 15:56:59.115 정보 [main] org.apache.catalina.core.ApplicationContext.log SessionListener: contextInitialized()
26-Mar-2020 15:56:59.115 정보 [main] org.apache.catalina.core.ApplicationContext.log ContextListener: attributeAdded('StockTicker', 'async.Stockticker@e15b7e8')
26-Mar-2020 16:05:42.329 정보 [main] org.apache.catalina.core.ApplicationContext.log ContextListener: contextInitialized()
26-Mar-2020 16:05:42.329 정보 [main] org.apache.catalina.core.ApplicationContext.log SessionListener: contextInitialized()
26-Mar-2020 16:05:42.332 정보 [main] org.apache.catalina.core.ApplicationContext.log ContextListener: attributeAdded('StockTicker', 'async.Stockticker@53fdffa1')
26-Mar-2020 16:06:11.469 정보 [main] org.apache.catalina.core.ApplicationContext.log ContextListener: contextInitialized()
26-Mar-2020 16:06:11.470 정보 [main] org.apache.catalina.core.ApplicationContext.log SessionListener: contextInitialized()
26-Mar-2020 16:06:11.472 정보 [main] org.apache.catalina.core.ApplicationContext.log ContextListener: attributeAdded('StockTicker', 'async.Stockticker@5562c41e')
26-Mar-2020 16:07:07.153 정보 [main] org.apache.catalina.core.ApplicationContext.log ContextListener: contextInitialized()
26-Mar-2020 16:07:07.153 정보 [main] org.apache.catalina.core.ApplicationContext.log SessionListener: contextInitialized()
26-Mar-2020 16:07:07.157 정보 [main] org.apache.catalina.core.ApplicationContext.log ContextListener: attributeAdded('StockTicker', 'async.Stockticker@1b2abca6')
26-Mar-2020 17:20:52.278 정보 [main] org.apache.catalina.core.ApplicationContext.log ContextListener: contextInitialized()
26-Mar-2020 17:20:52.279 정보 [main] org.apache.catalina.core.ApplicationContext.log SessionListener: contextInitialized()
26-Mar-2020 17:20:52.282 정보 [main] org.apache.catalina.core.ApplicationContext.log ContextListener: attributeAdded('StockTicker', 'async.Stockticker@1b2abca6')
26-Mar-2020 17:51:40.505 정보 [main] org.apache.catalina.core.ApplicationContext.log ContextListener: contextInitialized()
26-Mar-2020 17:51:40.505 정보 [main] org.apache.catalina.core.ApplicationContext.log SessionListener: contextInitialized()
26-Mar-2020 17:51:40.520 정보 [main] org.apache.catalina.core.ApplicationContext.log ContextListener: attributeAdded('StockTicker', 'async.Stockticker@6db9f5a4')
26-Mar-2020 17:51:40.818 정보 [main] org.apache.catalina.core.ApplicationContext.log SessionListener: contextDestroyed()
26-Mar-2020 17:51:40.818 정보 [main] org.apache.catalina.core.ApplicationContext.log ContextListener: contextDestroyed()
